15.119999999999999 5.762054824725918e-06 2.1965474657072287e-05
30.239999999999998 8.476345329012363e-06 3.236215633011609e-05
45.359999999999999 1.230420038161612e-05 4.6891641861822667e-05
60.479999999999997 1.7551388816766834e-05 6.66056040409922e-05
75.599999999999994 2.5108390669620393e-05 9.448122998582576e-05
90.719999999999999 3.701542346255602e-05 0.00013749127656582238
105.83999999999999 5.437874111528915e-05 0.00020077023670567732
120.95999999999999 8.121467041309271e-05 0.00030201461952222646
136.07999999999998 0.00012606794586565362 0.0004828304439197279
151.19999999999999 0.00020768671566006355 0.0008132070391378062
166.31999999999999 0.0003567191628140528 0.0014272985860610827
181.44000000000000 0.0005876473769860451 0.0023492485697646903
196.56000000000000 0.0009180695873307463 0.0036170440098075513
211.67999999999998 0.0013185779412345988 0.005072949213817372
226.79999999999998 0.0017491640512433155 0.006555532449925565
241.91999999999999 0.002168831145977951 0.00787337964226855
257.03999999999996 0.0025645726317990313 0.009005566568118897
272.15999999999997 0.00288579011088407 0.009776737531415567
287.27999999999997 0.0031673454060096775 0.010400500886693505
302.39999999999998 0.0033226800301443546 0.010527274902975432
317.51999999999998 0.0033386384039097 0.010220600204637222
332.63999999999999 0.0032233524928094717 0.009534300186696898
347.75999999999999 0.002940868985797207 0.008415523748709547
362.88000000000000 0.0025190923980513116 0.0069927325441130495
378.00000000000000 0.0020766800394908546 0.0055820485093764395
393.12000000000000 0.0016217992558687985 0.004269269279093574
408.23999999999995 0.0012411612826552449 0.0031853576244108496
423.35999999999996 0.0009307335348720452 0.0023514688502885577
438.47999999999996 0.0007014968249037636 0.0017381446021446944
453.59999999999997 0.0005406774913968135 0.0013183667258325918
468.71999999999997 0.00041922300672663637 0.0010079403315201164
483.83999999999997 0.0003458052730207517 0.000818612498571691
498.95999999999998 0.0002851263736693272 0.0006630217981716886
514.07999999999993 0.0002542196851626402 0.0005787220873967119
529.19999999999993 0.00022281374561381462 0.0004958774818802402
544.31999999999994 0.00019519989604625996 0.0004238891149018205
559.43999999999994 0.0001836392119725661 0.0003870564229399323
574.55999999999995 0.00016272848160207832 0.0003335510040526346
589.67999999999995 0.00015317038790847053 0.0003038955548079559
604.79999999999995 0.00014454380215986294 0.00027845977583017007
619.91999999999996 0.00013310441024175421 0.0002489118363086651
635.03999999999996 0.00013020450442735563 0.00023623884533438105
650.15999999999997 0.00012314437276499568 0.00021590548769769306
665.27999999999997 0.00011452450532482424 0.00019520467718967227
680.39999999999998 0.00010462996658409489 0.00017254390878943955
695.51999999999998 9.732930609312761e-05 0.0001558697907811798
710.63999999999999 9.63953080225841e-05 0.0001511234568519246
725.75999999999999 8.825219400278716e-05 0.00013324971816428441
740.88000000000000 8.601404219886088e-05 0.00012637210067054973
756.00000000000000 8.187322026494041e-05 0.00011745623684983257
