33.180000000000000 5.00817257662617e-13 1.0919309119891493e-11
66.359999999999999 1.1995569134390443e-12 2.5644047434048543e-11
99.539999999999992 3.208054069827212e-12 6.782318292193641e-11
132.72000000000000 8.199794416348663e-12 1.7228362367761946e-10
165.90000000000001 1.9364685117867665e-11 4.041763269590282e-10
199.07999999999998 4.330756725960911e-11 8.88397265821578e-10
232.25999999999999 9.096590185134508e-11 1.8337866555573456e-09
265.44000000000000 2.478120485063845e-10 5.060712931700306e-09
298.62000000000000 7.423557893708571e-10 1.6220203482718734e-08
331.80000000000001 1.9159214420970372e-09 4.056470120157469e-08
364.98000000000002 3.4714194189423506e-09 6.917780630310047e-08
398.15999999999997 6.486968109194373e-09 1.2747642379347674e-07
431.33999999999997 1.3507078517712188e-08 2.5534567644072263e-07
464.51999999999998 2.315266328303183e-08 4.2235411719593796e-07
497.69999999999999 3.764335510607281e-08 6.656019064048947e-07
530.88000000000000 6.264095646425185e-08 1.035004017110941e-06
564.05999999999995 9.094707614315426e-08 1.4693661230359387e-06
597.24000000000001 1.5327331697197487e-07 2.3535016771029806e-06
630.41999999999996 2.302882413485413e-07 3.400106537380463e-06
663.60000000000002 3.7790245805926333e-07 5.4160328073891934e-06
696.77999999999997 6.231773355286109e-07 8.856185295397034e-06
729.96000000000004 1.0928962479122587e-06 1.5790220681302167e-05
763.13999999999999 2.2078006587023067e-06 3.278804739282642e-05
796.31999999999994 4.799471645472915e-06 7.251426173764263e-05
829.50000000000000 1.057784502219687e-05 0.0001569244622541772
862.67999999999995 2.134769427153108e-05 0.00029897784278117
895.86000000000001 3.782781177250393e-05 0.0004933343402288881
929.03999999999996 5.74630686033935e-05 0.0006923496803955789
962.22000000000003 7.761796861694231e-05 0.0008641912382449376
995.39999999999998 9.507124755784621e-05 0.0009801311466793733
1028.5799999999999 0.00010570790967063077 0.0010137934326050963
1061.7600000000000 0.00010302929393229289 0.0009164011706322204
1094.9400000000001 8.676033128985242e-05 0.000707517234656129
1128.1199999999999 6.30277787638203e-05 0.00046641552774245106
1161.3000000000000 4.082210687089334e-05 0.00027884304669025304
1194.4800000000000 2.5302601736016764e-05 0.00015785555599755275
1227.6600000000001 1.6695048249778124e-05 9.6117937481589e-05
1260.8399999999999 1.1726964757218374e-05 6.267201011211961e-05
1294.0200000000000 9.515205859395588e-06 4.643286117257572e-05
1327.2000000000000 8.421493710107283e-06 3.789570923422881e-05
1360.3799999999999 7.660785958770242e-06 3.166109786235934e-05
1393.5599999999999 7.500613413990676e-06 2.8542710641772115e-05
1426.7400000000000 7.1871061121052925e-06 2.505713444902806e-05
1459.9200000000001 6.784131670487248e-06 2.195989804592753e-05
1493.0999999999999 6.251827845855885e-06 1.8743841760234476e-05
1526.2800000000000 5.752234107878767e-06 1.6120110523643312e-05
1559.4600000000000 5.655500250254691e-06 1.4969872409677597e-05
1592.6399999999999 4.931644573529429e-06 1.2287761420099949e-05
1625.8199999999999 4.6249692466314845e-06 1.0862780018761487e-05
1659.0000000000000 4.2746490542820365e-06 9.480917800125852e-06
