11.400000000000000 0.00011310475099664093 0.00025811635712761054
22.800000000000001 0.00013893012787577044 0.00031465503579196927
34.200000000000003 0.0001679224226443895 0.0003773995178202535
45.600000000000001 0.00021441942237161466 0.00048353712395049394
57.000000000000000 0.0003116033649037914 0.0007233017830507566
68.400000000000006 0.0005211955191760564 0.001258279264869643
79.799999999999997 0.0009259943217127076 0.0022845425098971866
91.200000000000003 0.0015670000296563536 0.0038983725784871048
102.60000000000001 0.002434496551589692 0.0059957751990695534
114.00000000000000 0.0034194215239970417 0.008284357378389912
125.40000000000001 0.004444081304106213 0.01052880246567282
136.80000000000001 0.005388076531237493 0.012418004329553796
148.20000000000002 0.006212581197356546 0.013983043220962662
159.59999999999999 0.007001510939139169 0.015289550252138767
171.00000000000000 0.00758444096075774 0.01616258024537281
182.40000000000001 0.0079983021474065 0.016565817925044045
193.80000000000001 0.008171262239484636 0.016432830776716333
205.20000000000002 0.007995351441497938 0.0155839373264302
216.59999999999999 0.007564514587117407 0.014329888090199222
228.00000000000000 0.006800762399520683 0.012519940973230819
239.40000000000001 0.005862587493376943 0.010516133173042482
250.80000000000001 0.004914435318778067 0.008600716378454429
262.19999999999999 0.003977723761866643 0.006808437411757247
273.60000000000002 0.0031737942994053787 0.005334401508451032
285.00000000000000 0.0024805351479165027 0.004100593387634257
296.40000000000003 0.0019453174199055277 0.0031934882905383633
307.80000000000001 0.0015390302011618964 0.002505636663154728
319.19999999999999 0.0012344417481562552 0.00200768293694286
330.60000000000002 0.0010170784357286969 0.0016427877303691425
342.00000000000000 0.000860580373857387 0.0013883704242498305
353.40000000000003 0.0007278441774232477 0.0011668759844125
364.80000000000001 0.0006513362449441981 0.0010372154928946495
376.19999999999999 0.0005678243463693282 0.0008967132761404941
387.60000000000002 0.0005339350807701255 0.0008359801884297863
399.00000000000000 0.0004838594344490542 0.0007476781291736077
410.40000000000003 0.00043672314288766126 0.0006657062756217338
421.80000000000001 0.0004140869217009938 0.0006210105412003544
433.19999999999999 0.0003730564222262032 0.000550538327508269
444.60000000000002 0.00035225852884603916 0.0005097569534411705
456.00000000000000 0.00033500825768821536 0.00047664147594760206
467.40000000000003 0.0003111407461198291 0.00043519664676181066
478.80000000000001 0.0003028469066075444 0.00041590777040790314
490.19999999999999 0.0002847707389973977 0.00038291774983990824
501.60000000000002 0.00026930066882099917 0.0003561342131519415
513.00000000000000 0.0002444090773113937 0.0003164563136310391
524.39999999999998 0.0002276878291930091 0.0002888046273312026
535.80000000000007 0.0002299282500020224 0.00028771085241205137
547.20000000000005 0.00021099262231459307 0.00025733061656984233
558.60000000000002 0.0002073920591859639 0.00024781266729309874
570.00000000000000 0.00019603255961171814 0.0002312034722974449
