12.980000000000000 3.600213957730912e-05 0.00010513124592953878
25.960000000000001 4.7938387044737854e-05 0.00013898790277927514
38.939999999999998 6.257445448163105e-05 0.00017995297948590635
51.920000000000002 8.051955108851936e-05 0.0002298169857759606
64.900000000000006 0.00010547529555563233 0.00030031780281147575
77.879999999999995 0.00015066289016398885 0.00043277678748482936
90.859999999999999 0.00023953570917532266 0.0007069754661108631
103.84000000000000 0.0004079917694865991 0.001242785620227103
116.82000000000001 0.0007124319176919154 0.002206195835469546
129.80000000000001 0.0011566942061318978 0.003578538722651277
142.78000000000000 0.0017559387065064036 0.00536269550346859
155.75999999999999 0.002424103721928413 0.007247931468637268
168.74000000000001 0.0031059487833287654 0.009056634132484188
181.72000000000000 0.0037756746433499464 0.01068488132059397
194.70000000000002 0.004364216636470967 0.012012977865429132
207.68000000000001 0.00486244391796648 0.012992040677825918
220.66000000000000 0.005273483088604082 0.013668118318069118
233.64000000000001 0.005487192462862807 0.013765976527801487
246.62000000000000 0.005535254687543206 0.013466096418967446
259.60000000000002 0.0053263270573975 0.012543678385015538
272.57999999999998 0.004884081916427592 0.011164739009431383
285.56000000000000 0.004296661939725089 0.009528052314107166
298.54000000000002 0.003621738332029907 0.00782395697094148
311.51999999999998 0.00293252365961043 0.006181035710765184
324.50000000000000 0.002304167556304102 0.0047428414682022906
337.48000000000002 0.00178302180005721 0.0036186291796905163
350.46000000000004 0.001374518122513702 0.0027462559070338824
363.44000000000000 0.0010584612224682824 0.002104533559698999
376.42000000000002 0.0008352059880045943 0.0016404476991282672
389.40000000000003 0.0006790974146973983 0.0013263807769735945
402.38000000000000 0.0005562246540080835 0.001075113664841706
415.36000000000001 0.0004831317720680892 0.0009248154106353327
428.34000000000003 0.00041126834481446106 0.00077755270804006
441.31999999999999 0.00038066375480976466 0.0007096642836777014
454.30000000000001 0.0003409356618724389 0.0006244342105371956
467.28000000000003 0.00030472410242761726 0.0005481763378462469
480.25999999999999 0.00028715945267258387 0.0005053264558628982
493.24000000000001 0.0002562757065864615 0.0004411352543747931
506.22000000000003 0.00024256098343173056 0.0004074859576404041
519.20000000000005 0.000230087413243178 0.00037778938034231126
532.18000000000006 0.00021272525154040695 0.00034143440564163096
545.15999999999997 0.00020700479841605506 0.0003245007354754763
558.13999999999999 0.0001955099173496234 0.0002983448235815794
571.12000000000000 0.00018296629640501678 0.00027346637089610516
584.10000000000002 0.00016681026901038177 0.0002425177921653977
597.08000000000004 0.00015459332167319198 0.00021917057779687903
610.06000000000006 0.0001550268786800897 0.00021630899551574914
623.03999999999996 0.00014292711326748867 0.0001932294193789808
636.01999999999998 0.0001389807734435808 0.00018342315104133105
649.00000000000000 0.00013117234856134245 0.00017026583443701453
