19.820000000000000 8.958619469363721e-08 5.49376397019008e-07
39.640000000000001 1.50081471546375e-07 9.080077160752938e-07
59.460000000000001 2.403805863696621e-07 1.437616526978824e-06
79.280000000000001 3.7586818854006004e-07 2.2344028275371226e-06
99.099999999999994 6.660307183662151e-07 3.958062932446938e-06
118.92000000000000 1.3843480183533529e-06 8.152598960380868e-06
138.74000000000001 2.4397741578582905e-06 1.4458183174202771e-05
158.56000000000000 4.052463495080703e-06 2.3946618880571008e-05
178.38000000000000 5.997541099638982e-06 3.53607241609275e-05
198.19999999999999 8.910163861500411e-06 5.235353175799394e-05
218.02000000000001 1.3109081790906067e-05 7.719128384314101e-05
237.84000000000000 1.929256836872837e-05 0.00011465500566278643
257.66000000000003 3.1451583864539006e-05 0.0001902453427970377
277.48000000000002 5.240801518264988e-05 0.0003253607674834546
297.30000000000001 9.284978684272444e-05 0.0005833168836471639
317.12000000000000 0.00016302479723662237 0.001018718873057605
336.94000000000000 0.00026753926702941455 0.0016411768666794234
356.75999999999999 0.00041029998160230084 0.0024343707805209933
376.57999999999998 0.0005800406391544285 0.0033197109244186944
396.39999999999998 0.0007455268048796637 0.004085765718289108
416.22000000000003 0.0008986510275164915 0.004728284831661244
436.04000000000002 0.001043935766409255 0.005257935032445223
455.86000000000001 0.0011472160598895013 0.005544130096100716
475.68000000000001 0.0012025012823360895 0.005573206446852829
495.50000000000000 0.0011891616951390266 0.005283440754748209
515.32000000000005 0.0010850505813121138 0.004643406240135658
535.13999999999999 0.0009331608872304334 0.00383977175946228
554.96000000000004 0.0007401454485250142 0.0029303559753284824
574.77999999999997 0.0005548022189016331 0.002123203643202894
594.60000000000002 0.0004010637719363182 0.001477897505364054
614.41999999999996 0.00028536244118752905 0.0010201898142771961
634.24000000000001 0.00020784389438988337 0.0007160353974023904
654.06000000000006 0.00015445670579755305 0.000515036234040521
673.88000000000000 0.00012379317042730402 0.00040002294023899624
693.70000000000005 0.00010093309582205772 0.00031516977215509623
713.51999999999998 8.472310876838032e-05 0.00025462790580011146
733.34000000000003 7.676987637103691e-05 0.00022059539705458523
753.15999999999997 6.715307299763193e-05 0.00018564914515358555
772.98000000000002 6.260869398294927e-05 0.00016480609099818176
792.79999999999995 5.9244435187973986e-05 0.00014944339550825158
812.62000000000000 5.401726707313785e-05 0.0001301861060906254
832.44000000000005 5.309481463110573e-05 0.00012269114870788682
852.25999999999999 5.023930695221295e-05 0.00011070763652229086
872.08000000000004 4.677781821749949e-05 9.898360856781911e-05
891.89999999999998 4.297149773185088e-05 8.698070975579142e-05
911.72000000000003 3.930358634412138e-05 7.669499809052389e-05
931.53999999999996 3.9155448095407805e-05 7.385731538970001e-05
951.36000000000001 3.494784630520855e-05 6.328606346823811e-05
971.18000000000006 3.409988792504139e-05 5.944745102007533e-05
991.00000000000000 3.2303882690664585e-05 5.4488979315702395e-05
