12 1.55064e-06 2.38588e-06 1.5972e-06 2.93281e-06
13 4.37532e-05 2.62077e-05 4.38714e-05 3.17093e-05
14 0.000344843 0.000138449 0.00034475 0.000166237
15 0.00125185 0.000453638 0.00125052 0.000543086
16 0.0034335 0.00116039 0.00342817 0.00138736
17 0.00751519 0.00241781 0.00750053 0.00288875
18 0.0134611 0.00418733 0.0134299 0.00500405
19 0.0200898 0.00614884 0.020035 0.00735916
20 0.0254268 0.00781916 0.0253442 0.00938794
21 0.0279459 0.00885587 0.0278346 0.0106871
22 0.0275346 0.00925019 0.0273963 0.0112404
23 0.0253796 0.00927628 0.0252169 0.0113617
24 0.0230181 0.00926689 0.0228346 0.0114353
25 0.0214474 0.00941731 0.0212482 0.011687
26 0.0209107 0.00974464 0.0207021 0.0121352
27 0.02125 0.0101668 0.0210382 0.012682
28 0.0221272 0.0105921 0.0219172 0.0132205
29 0.0233517 0.0109891 0.023146 0.0137169
30 0.024779 0.0113675 0.0245781 0.0141874
31 0.026321 0.011746 0.0261241 0.014659
32 0.0279343 0.0121423 0.0277407 0.0151557
33 0.0295807 0.0125537 0.0293904 0.0156748
34 0.0312137 0.0129666 0.0310274 0.0161993
35 0.03277 0.0133627 0.0325887 0.0167055
36 0.0341744 0.0137276 0.0339993 0.017175
37 0.0353668 0.014053 0.0351985 0.0175961
38 0.036335 0.0143387 0.0361737 0.0179675
39 0.0371094 0.0145892 0.0369548 0.0182934
40 0.0377384 0.0148113 0.0375901 0.0185815
41 0.0382557 0.015011 0.038113 0.0188387
42 0.0386732 0.0151952 0.0385356 0.0190738
43 0.0389847 0.015367 0.0388519 0.0192913
44 0.0391849 0.0155279 0.0390565 0.0194939
45 0.0392779 0.0156752 0.0391537 0.0196782
46 0.0392773 0.0158026 0.0391571 0.0198366
47 0.039207 0.0159052 0.0390907 0.0199629
48 0.0390857 0.0159801 0.0389734 0.0200537
49 0.0389288 0.0160285 0.0388204 0.0201099
50 0.0387358 0.0160523 0.0386314 0.0201338
51 0.0385028 0.0160544 0.0384023 0.0201288
53 0.037886 0.0160011 0.0377934 0.0200415
55 0.0370205 0.0158657 0.0369356 0.0198448
57 0.0358989 0.0156276 0.0358222 0.0195151
59 0.0346045 0.0152851 0.0345365 0.0190518
61 0.0332298 0.0148641 0.0331709 0.0184871
63 0.0317886 0.0143897 0.0317391 0.0178523
65 0.0302764 0.0138741 0.0302362 0.0171638
67 0.0287273 0.0133214 0.0286962 0.0164288
69 0.0272011 0.0127419 0.0271789 0.0156621
71 0.025732 0.0121547 0.0257187 0.0148881
73 0.024317 0.0115739 0.0243121 0.0141244
75 0.0229337 0.0110009 0.0229364 0.0133734
77 0.0215912 0.0104393 0.0216006 0.0126399
79 0.0203157 0.00989207 0.0203309 0.0119283
81 0.0191227 0.00936788 0.0191432 0.0112492
83 0.0180011 0.0088707 0.0180261 0.0106072
85 0.0169391 0.00839964 0.0169676 0.010001
87 0.0159308 0.00794988 0.0159623 0.00942501
89 0.0149796 0.00751837 0.0150134 0.00887566
91 0.0140906 0.00710745 0.0141264 0.00835537
93 0.0132602 0.00671994 0.0132975 0.00786681
95 0.0124821 0.00635553 0.0125205 0.00740919
97 0.0117507 0.00601021 0.0117897 0.00697759
99 0.0110671 0.00568162 0.0111064 0.00656914
101 0.0104339 0.00537107 0.0104732 0.00618508
106 0.00904095 0.00467804 0.00907972 0.00533415
111 0.00786385 0.00408307 0.00790125 0.00461122
116 0.00687197 0.00356136 0.00690726 0.00398527
121 0.0060195 0.00310026 0.00605212 0.00343909
126 0.0052975 0.00270151 0.0053273 0.00297149
131 0.00468305 0.00236413 0.00471 0.00257863
136 0.00415919 0.0020829 0.00418312 0.00225206
141 0.00371 0.00184798 0.00373102 0.00198087
146 0.00332921 0.00165242 0.00334769 0.00175684
151 0.00301623 0.00149772 0.00303236 0.00157978
156 0.00275414 0.00137215 0.0027682 0.00143626
161 0.00254441 0.00126984 0.00255649 0.00131998
166 0.00237294 0.00118639 0.00238338 0.00122527
171 0.00224045 0.00112294 0.00224951 0.00115301
176 0.0021394 0.00107496 0.00214732 0.00109834
181 0.00206038 0.00103947 0.00206718 0.00105766
186 0.00199586 0.00101195 0.00200148 0.00102636
191 0.00194362 0.000990603 0.00194822 0.0010021
196 0.00190021 0.00097303 0.00190395 0.000982457
201 0.00185788 0.000954772 0.00186096 0.000962911
206 0.00180906 0.000931629 0.00181157 0.000938867
211 0.00174649 0.000900337 0.00174859 0.000906859
216 0.00166341 0.000858293 0.00166529 0.000864329
221 0.00155533 0.000803214 0.00155696 0.000808739
226 0.00141958 0.000733972 0.001421 0.000739123
231 0.00125518 0.000650795 0.0012564 0.000655408
