53 1.5151e-08 5.08382e-08 1.4496e-08 5.08382e-08
55 4.91415e-08 1.74675e-07 4.84866e-08 1.74675e-07
57 1.00679e-07 3.71527e-07 1.00024e-07 3.71527e-07
59 1.70592e-07 6.41534e-07 1.69937e-07 6.41534e-07
61 2.63715e-07 1.00524e-06 2.6306e-07 1.00524e-06
63 3.87081e-07 1.49058e-06 3.86426e-07 1.49058e-06
65 5.45303e-07 2.11737e-06 5.44648e-07 2.11737e-06
67 7.40931e-07 2.89856e-06 7.40276e-07 2.89856e-06
69 9.72647e-07 3.83245e-06 9.71992e-07 3.83245e-06
71 1.2369e-06 4.91159e-06 1.23623e-06 4.91201e-06
73 1.53132e-06 6.17632e-06 1.53034e-06 6.18389e-06
75 1.86859e-06 7.86834e-06 1.866e-06 7.91751e-06
77 2.28118e-06 1.03482e-05 2.27517e-06 1.05187e-05
79 2.79526e-06 1.36415e-05 2.78673e-06 1.40332e-05
81 3.40633e-06 1.74932e-05 3.39918e-06 1.81913e-05
83 4.10241e-06 2.1736e-05 4.09877e-06 2.27979e-05
85 4.89588e-06 2.63597e-05 4.89438e-06 2.78269e-05
87 5.79105e-06 3.13892e-05 5.78926e-06 3.33046e-05
89 6.7693e-06 3.68257e-05 6.76567e-06 3.92368e-05
91 7.79829e-06 4.26353e-05 7.79287e-06 4.55873e-05
93 8.85621e-06 4.87597e-05 8.85053e-06 5.22932e-05
95 9.9824e-06 5.52815e-05 9.97719e-06 5.94505e-05
97 1.12383e-05 6.22557e-05 1.12319e-05 6.71293e-05
99 1.26502e-05 6.96035e-05 1.26402e-05 7.5256e-05
101 1.42106e-05 7.73898e-05 1.4194e-05 8.39007e-05
106 1.89021e-05 0.000100823 1.88475e-05 0.000109965
111 2.48166e-05 0.000130221 2.47041e-05 0.000142781
116 3.26828e-05 0.000167544 3.24786e-05 0.000184493
121 4.25743e-05 0.00021547 4.22328e-05 0.000238043
126 5.48839e-05 0.000274343 5.43644e-05 0.000303951
131 7.02866e-05 0.000346555 6.9541e-05 0.000384818
136 9.03046e-05 0.000433119 8.92608e-05 0.000481841
141 0.000114151 0.000534652 0.000112748 0.000595763
146 0.000140798 0.000652827 0.00013898 0.000728488
151 0.000170128 0.000785625 0.000167864 0.000877867
156 0.000207845 0.000941967 0.00020499 0.00105352
161 0.000252723 0.00112731 0.000249176 0.00126119
166 0.000304683 0.00133637 0.000300338 0.00149537
171 0.000364757 0.00156854 0.000359475 0.00175529
176 0.000435149 0.00183473 0.000428788 0.00205278
181 0.000515339 0.00213093 0.00050778 0.00238353
186 0.000606427 0.00245354 0.000597516 0.00274369
191 0.00070399 0.00279583 0.000693651 0.00312583
196 0.000806912 0.0031582 0.000795064 0.00353025
201 0.000915405 0.00353329 0.000901976 0.00394898
206 0.00102467 0.0039064 0.00100965 0.0043666
211 0.00114058 0.00429099 0.00112387 0.00479679
216 0.00126636 0.0046898 0.00124786 0.00524207
221 0.00140031 0.00509586 0.0013799 0.0056946
226 0.00153707 0.0055087 0.0015147 0.00615396
231 0.00167623 0.00590349 0.00165187 0.00659365
236 0.00181381 0.00628022 0.00178743 0.00701377
241 0.00194601 0.00662966 0.0019177 0.00740376
246 0.00206965 0.00695161 0.00203967 0.00776373
251 0.00219101 0.00724427 0.00215939 0.00809123
256 0.00230305 0.00750778 0.00226983 0.00838648
261 0.00241258 0.00775514 0.00237784 0.00866276
266 0.00252236 0.0079962 0.00248627 0.00893064
271 0.00262628 0.00820497 0.00258884 0.00916284
276 0.00273162 0.00841325 0.00269283 0.00939245
281 0.00282499 0.00860351 0.00278509 0.00960108
286 0.00291409 0.00877331 0.00287321 0.00978609
291 0.00299953 0.00892092 0.00295786 0.00994561
296 0.00307497 0.00904137 0.00303287 0.0100743
301 0.00313929 0.00914064 0.00309696 0.0101787
306 0.00318749 0.00919364 0.0031451 0.0102326
311 0.00323014 0.00921705 0.00318789 0.0102533
316 0.0032626 0.00922881 0.00322069 0.0102597
321 0.00327863 0.00919996 0.00323722 0.0102218
326 0.00327921 0.00912223 0.00323851 0.0101316
331 0.00326604 0.00901553 0.00322644 0.0100098
336 0.00324335 0.00889815 0.00320515 0.00987511
341 0.00321145 0.00874262 0.00317473 0.0096991
346 0.00316759 0.00854525 0.00313244 0.00947872
351 0.00311342 0.00832722 0.00308004 0.00923617
356 0.00304681 0.00807559 0.00301544 0.00895814
361 0.0029687 0.00779517 0.00293942 0.00864922
366 0.00287892 0.00750753 0.00285189 0.00833245
371 0.00277899 0.00719741 0.00275414 0.0079925
376 0.00267222 0.00686684 0.00264944 0.00763091
381 0.00256829 0.0065318 0.0025476 0.00726409
386 0.0024636 0.00619128 0.00244492 0.00689127
391 0.00234844 0.00584286 0.00233173 0.00650971
396 0.00222667 0.00549473 0.00221196 0.00612723
401 0.00211435 0.00516536 0.00210136 0.00576283
406 0.00200615 0.00484853 0.00199471 0.00541037
411 0.00189158 0.00453515 0.00188162 0.00506027
416 0.0017791 0.0042385 0.00177045 0.00472664
421 0.00167442 0.00396084 0.00166696 0.00441212
426 0.00157179 0.0036855 0.0015654 0.00409992
431 0.00147197 0.00341648 0.00146659 0.00379438
436 0.00137725 0.00316724 0.00137277 0.00351047
441 0.0012895 0.00293835 0.00128568 0.00324874
446 0.00120869 0.00273039 0.00120539 0.00301033
451 0.00113308 0.0025344 0.00113025 0.00278575
456 0.00106098 0.00234982 0.00105853 0.00257407
461 0.000993691 0.00218135 0.000991608 0.00238061
466 0.000931422 0.00202228 0.000929706 0.00219858
471 0.000872563 0.00187575 0.000871116 0.00203086
476 0.000817023 0.00174708 0.000815756 0.0018824
481 0.000765471 0.00162756 0.000764365 0.00174473
486 0.000720879 0.0015196 0.000719875 0.00162044
491 0.0006822 0.00142362 0.000681262 0.00150966
496 0.000644612 0.00133678 0.000643821 0.0014096
501 0.000609604 0.00125979 0.000609004 0.00132135
506 0.000578973 0.0011905 0.000578483 0.00124237
511 0.000551618 0.00112801 0.000551188 0.00117116
516 0.00052724 0.00107226 0.000526852 0.00110797
521 0.000505425 0.00102302 0.000505069 0.00105264
526 0.000486284 0.000979547 0.000485991 0.00100376
531 0.000469835 0.000940729 0.000469661 0.000960348
536 0.000456311 0.000907305 0.000456212 0.000922962
541 0.000444322 0.000879265 0.000444262 0.000891543
546 0.000432756 0.000854434 0.000432656 0.000863906
551 0.000422408 0.000831256 0.000422218 0.000838469
556 0.000413789 0.000810493 0.000413569 0.000815911
561 0.000407179 0.000793312 0.000407001 0.000797394
566 0.000402296 0.000779128 0.000402158 0.000782179
571 0.000398198 0.000766614 0.000398077 0.000768788
576 0.000394497 0.000754304 0.000394422 0.000755829
581 0.00039149 0.000742661 0.000391476 0.000743718
586 0.000389459 0.000732149 0.000389471 0.000732817
591 0.000388079 0.000722609 0.000388084 0.000722947
596 0.00038706 0.000714326 0.000387089 0.000714366
601 0.000386364 0.000706754 0.000386425 0.000706619
606 0.000385522 0.000699277 0.000385572 0.000699164
611 0.00038426 0.000691519 0.000384303 0.000691499
616 0.000383866 0.000684531 0.000383924 0.00068454
621 0.000384013 0.000678384 0.000384139 0.000678378
626 0.000384579 0.000672846 0.000384771 0.000672857
631 0.000385315 0.000667333 0.000385529 0.000667394
636 0.00038635 0.000661996 0.000386578 0.000662108
641 0.000387755 0.000657071 0.000387998 0.000657229
646 0.000389224 0.000652104 0.000389454 0.000652304
651 0.000390837 0.000647198 0.000391031 0.000647405
656 0.000392612 0.000642334 0.000392795 0.000642536
661 0.000394482 0.00063746 0.000394671 0.000637665
666 0.000396471 0.000632646 0.000396647 0.000632841
671 0.000398589 0.00062789 0.000398759 0.000628085
676 0.00040081 0.000623177 0.000401002 0.000623392
681 0.000403089 0.00061844 0.000403308 0.000618662
686 0.000405509 0.000613862 0.000405736 0.000614082
691 0.000407947 0.000609248 0.000408176 0.000609474
696 0.000410331 0.000604532 0.000410565 0.000604756
701 0.000412586 0.000599615 0.000412834 0.000599825
706 0.000414251 0.000593898 0.000414497 0.000594091
711 0.000414479 0.000586297 0.000414709 0.000586475
716 0.00041204 0.000575342 0.000412255 0.000575512
721 0.000405353 0.00055901 0.000405579 0.000559189
726 0.000393123 0.000535743 0.00039336 0.000535911
731 0.000374527 0.000504676 0.000374757 0.000504814
736 0.000349107 0.000465432 0.000349308 0.000465539
741 0.000317222 0.000418721 0.000317383 0.000418805
746 0.000279823 0.000365775 0.000279948 0.000365841
751 0.000238786 0.000309129 0.000238878 0.000309178
