11 1.10939e-06 2.1675e-06 1.03515e-06 2.54707e-06
12 3.18988e-05 2.57031e-05 3.09946e-05 3.02301e-05
13 0.000347763 0.000133977 0.000343911 0.00015852
14 0.00147747 0.000450338 0.00146607 0.000533414
15 0.0043919 0.00117083 0.00436495 0.00138932
16 0.0103028 0.00248401 0.0102506 0.00295312
17 0.0196244 0.00438844 0.0195401 0.00522848
18 0.0308654 0.00657421 0.0307487 0.00785544
19 0.0406153 0.00850275 0.0404721 0.0102022
20 0.0455492 0.00973556 0.0453871 0.0117509
21 0.0447326 0.0102085 0.0445563 0.0124197
22 0.0400791 0.0102249 0.0398897 0.0125565
23 0.034655 0.0101856 0.0344523 0.0126249
24 0.0306487 0.0103241 0.0304341 0.0128931
25 0.0286131 0.0106351 0.0283915 0.013349
26 0.028212 0.0110002 0.0279912 0.0138492
27 0.0287587 0.0113004 0.0285462 0.0142525
28 0.0298376 0.0115106 0.0296383 0.0145342
29 0.0311973 0.0116678 0.0310122 0.0147452
30 0.0326938 0.0118192 0.0325213 0.0149476
31 0.0342405 0.0119943 0.0340785 0.0151806
32 0.0357669 0.0121903 0.0356145 0.0154411
33 0.0372169 0.0123876 0.0370744 0.0157048
34 0.0385321 0.0125647 0.0384008 0.0159441
35 0.0396439 0.0127073 0.0395252 0.0161401
36 0.0404793 0.0128074 0.0403742 0.0162816
37 0.041009 0.0128642 0.0409179 0.0163668
38 0.0412578 0.0128824 0.0411801 0.0164004
39 0.0412969 0.0128713 0.0412316 0.0163934
40 0.0411954 0.0128409 0.0411412 0.0163578
41 0.040992 0.0128008 0.0409474 0.0163054
42 0.0406998 0.0127589 0.0406634 0.0162468
43 0.0403178 0.0127199 0.0402884 0.0161886
44 0.039843 0.0126822 0.0398194 0.0161296
45 0.0392832 0.0126408 0.0392648 0.0160641
46 0.0386531 0.0125886 0.0386394 0.0159833
47 0.0379711 0.0125194 0.0379618 0.0158798
48 0.0372589 0.0124319 0.0372539 0.0157521
49 0.0365289 0.0123266 0.036528 0.0156008
50 0.0357878 0.0122066 0.0357907 0.0154298
51 0.0350348 0.0120743 0.0350414 0.0152421
53 0.0334681 0.0117774 0.0334807 0.0148236
55 0.0317933 0.0114372 0.0318106 0.0143484
57 0.0300103 0.0110447 0.0300318 0.0138068
59 0.0281823 0.0106023 0.0282082 0.0132039
61 0.0263931 0.0101285 0.0264237 0.0125634
63 0.0246665 0.00963843 0.024702 0.0119049
65 0.0229966 0.00913984 0.0230367 0.0112384
67 0.0213795 0.0086356 0.0214239 0.0105682
69 0.0198377 0.00813289 0.0198862 0.00990404
71 0.018401 0.00764456 0.0184533 0.00926212
73 0.0170691 0.00717839 0.0171245 0.00865182
75 0.0158183 0.00673375 0.015876 0.00807249
77 0.0146609 0.00631387 0.0147202 0.00752779
79 0.0135939 0.00591709 0.0136543 0.00701577
81 0.0126153 0.00554597 0.0126763 0.00653927
83 0.0117196 0.00520139 0.0117807 0.00609907
85 0.0108988 0.00488125 0.0109594 0.00569238
87 0.0101468 0.00458338 0.0102066 0.0053161
89 0.00945844 0.00430614 0.00951709 0.00496783
91 0.00883186 0.00404925 0.00888923 0.00464688
93 0.00826421 0.00381207 0.00832017 0.00435204
95 0.00774961 0.00359236 0.00780397 0.00408041
97 0.00727981 0.00338692 0.00733242 0.00382807
99 0.00684531 0.00319231 0.00689606 0.00359083
101 0.00644439 0.00300845 0.00649324 0.00336829
106 0.00557726 0.00259933 0.00562113 0.0028781
111 0.00485898 0.00225274 0.00489783 0.00246834
116 0.0042728 0.00196372 0.00430703 0.00213043
121 0.00379369 0.00172467 0.00382354 0.00185359
126 0.00339564 0.0015289 0.00342147 0.00162836
131 0.00305916 0.00137165 0.00308126 0.00144801
136 0.00278726 0.00124691 0.00280607 0.00130501
141 0.0025774 0.00114618 0.00259342 0.00118999
146 0.00241214 0.0010656 0.00242585 0.00109889
151 0.00228377 0.00100127 0.0022954 0.00102671
156 0.00217821 0.000951409 0.00218794 0.000970674
161 0.00209019 0.000911214 0.00209832 0.000925612
166 0.00201246 0.000877108 0.00201929 0.000888013
171 0.00193138 0.00084549 0.00193704 0.000854154
176 0.0018453 0.000811442 0.00184971 0.000818774
181 0.00174915 0.000769964 0.00175253 0.000776292
186 0.00162941 0.000718583 0.00163206 0.000724033
191 0.00147954 0.000655396 0.00148177 0.000660084
196 0.0013078 0.000581701 0.00130966 0.000585744
