13 2.14013e-06 7.2003e-07 2.16157e-06 9.21958e-07
14 2.57016e-05 1.13092e-05 2.59155e-05 1.40533e-05
15 0.000151738 7.44931e-05 0.000152458 9.06246e-05
16 0.00052651 0.00026238 0.000528239 0.00031703
17 0.00138906 0.000705008 0.00139217 0.000848716
18 0.0029816 0.00153169 0.00298532 0.00183871
19 0.00531078 0.00276239 0.00531202 0.00331053
20 0.0079995 0.00421932 0.00799255 0.00505551
21 0.0104222 0.00559907 0.0104 0.00671949
22 0.0120608 0.00663987 0.0120173 0.00799778
23 0.0127756 0.00725103 0.0127076 0.00878305
24 0.0127708 0.00750643 0.0126789 0.00915626
25 0.0124162 0.00757221 0.0123035 0.00930494
26 0.0120684 0.00762277 0.0119396 0.00942816
27 0.0119529 0.00777577 0.0118125 0.00966133
28 0.0121511 0.00806492 0.0120028 0.0100428
29 0.0126006 0.0084452 0.0124469 0.0105198
30 0.0132176 0.0088637 0.0130602 0.0110324
31 0.0139541 0.00929108 0.013794 0.0115498
32 0.0147749 0.00972188 0.0146127 0.0120698
33 0.0156672 0.0101615 0.0155029 0.0126025
34 0.0166191 0.0106157 0.0164529 0.0131561
35 0.0176068 0.0110798 0.0174389 0.0137252
36 0.018596 0.011543 0.0184268 0.0142961
37 0.0195457 0.0119926 0.0193756 0.0148526
38 0.020428 0.0124211 0.0202576 0.0153846
39 0.0212366 0.0128284 0.0210658 0.0158914
40 0.0219864 0.0132206 0.0218151 0.0163796
41 0.0226987 0.0136047 0.0225264 0.0168572
42 0.0233869 0.013986 0.023213 0.0173305
43 0.0240542 0.0143678 0.0238784 0.017804
44 0.0246966 0.0147511 0.0245187 0.0182796
45 0.0253115 0.0151352 0.0251314 0.0187567
46 0.0259005 0.0155166 0.0257183 0.0192312
47 0.0264703 0.0158913 0.0262861 0.019698
48 0.0270253 0.0162542 0.0268393 0.0201506
49 0.0275682 0.0166024 0.0273806 0.0205849
50 0.0280938 0.016934 0.0279048 0.0209983
51 0.0285951 0.0172483 0.028405 0.0213897
53 0.0294864 0.0178232 0.0292949 0.0221025
55 0.0301731 0.018312 0.0299818 0.0227039
57 0.0306275 0.0186861 0.030438 0.0231587
59 0.0308848 0.0189318 0.0306988 0.0234504
61 0.0309974 0.0190649 0.030816 0.0235971
63 0.0309659 0.0191046 0.0307906 0.0236219
65 0.0307751 0.0190603 0.0306071 0.0235366
67 0.0304421 0.0189309 0.0302826 0.0233415
69 0.0300226 0.0187275 0.0298718 0.0230516
71 0.0295411 0.0184692 0.0293991 0.0226914
73 0.028981 0.0181714 0.0288479 0.02228
75 0.0283306 0.0178371 0.0282067 0.0218222
77 0.0275992 0.0174579 0.0274848 0.0213091
79 0.0268545 0.0170506 0.0267492 0.0207624
81 0.0261112 0.0166251 0.0260144 0.0201944
83 0.0253516 0.0161898 0.0252628 0.0196154
85 0.0245567 0.015742 0.0244755 0.0190228
87 0.0237433 0.0152782 0.0236692 0.0184135
89 0.0229404 0.0148007 0.0228731 0.0177913
91 0.0221509 0.0143168 0.02209 0.0171652
93 0.0213624 0.0138338 0.0213077 0.0165428
95 0.0205772 0.0133554 0.0205283 0.0159281
97 0.0198011 0.0128774 0.0197578 0.0153162
99 0.0190457 0.012399 0.0190075 0.014707
101 0.0183133 0.0119252 0.0182801 0.0141061
106 0.0165365 0.0107809 0.0165141 0.0126653
111 0.0148276 0.00968488 0.0148141 0.0113009
116 0.0132595 0.00866757 0.0132531 0.0100463
121 0.0118167 0.0077213 0.0118162 0.00889123
126 0.0105301 0.00685009 0.0105341 0.00783705
131 0.00937208 0.00606547 0.00937943 0.00689478
136 0.0083265 0.00535754 0.00833627 0.0060503
141 0.00739093 0.00473123 0.00740222 0.00530787
146 0.00656387 0.00416921 0.00657595 0.0046465
151 0.00583253 0.00366915 0.00584504 0.00406208
156 0.00518748 0.00323035 0.00520011 0.00355339
161 0.00462046 0.00286173 0.00463288 0.00312652
166 0.00411964 0.00254797 0.00413154 0.00276441
171 0.00367719 0.00227275 0.0036883 0.00244893
176 0.00330327 0.00204503 0.00331335 0.00218817
181 0.00298586 0.00185705 0.00299481 0.00197265
186 0.00271711 0.00170077 0.00272547 0.00179383
191 0.00250463 0.00157552 0.00251235 0.0016507
196 0.00232845 0.00147021 0.00233524 0.00153079
201 0.00218092 0.00138527 0.0021869 0.00143401
206 0.00206282 0.00131735 0.00206819 0.00135626
211 0.00196797 0.00126296 0.00197286 0.001294
216 0.00189047 0.00122019 0.00189475 0.00124497
221 0.00182641 0.00118699 0.00182984 0.00120697
226 0.00177721 0.00116303 0.00178011 0.00117908
231 0.00174018 0.00114516 0.00174285 0.00115807
236 0.00171354 0.00113058 0.00171598 0.00114147
241 0.00169468 0.0011191 0.00169684 0.00112851
246 0.00167951 0.00110917 0.00168133 0.00111732
251 0.00166647 0.0010993 0.00166812 0.00110637
256 0.0016517 0.00108756 0.00165324 0.00109384
261 0.00162937 0.00107089 0.00163081 0.00107678
266 0.0015949 0.00104581 0.0015963 0.00105143
271 0.00154039 0.00100784 0.0015417 0.00101303
276 0.00146288 0.000954955 0.0014641 0.000959729
281 0.00136092 0.000886652 0.00136205 0.000891205
286 0.00123524 0.000803938 0.00123619 0.000808136
291 0.00109021 0.000709309 0.00109106 0.000712817
