12 1.86697e-06 3.0836e-06 1.90427e-06 3.75634e-06
13 5.31873e-05 3.09111e-05 5.32125e-05 3.72649e-05
14 0.000391311 0.00015426 0.000390877 0.000184883
15 0.00139145 0.000493546 0.00138922 0.000590195
16 0.00376449 0.00124092 0.0037572 0.00148252
17 0.00813591 0.00254812 0.00811789 0.00304306
18 0.0144077 0.0043593 0.0143718 0.00520849
19 0.0212669 0.00633315 0.0212067 0.00757982
20 0.0266401 0.00798276 0.026552 0.00958624
21 0.0290028 0.00897974 0.0288866 0.0108405
22 0.0283441 0.00933824 0.0282015 0.0113529
23 0.0259673 0.00934697 0.0258011 0.0114544
24 0.0234725 0.00933909 0.0232861 0.01153
25 0.0218425 0.00949681 0.021641 0.0117903
26 0.0212916 0.00982859 0.0210812 0.0122436
27 0.0216247 0.010246 0.0214118 0.0127845
28 0.022495 0.0106609 0.0222844 0.0133102
29 0.023711 0.0110463 0.0235052 0.0137925
30 0.0251239 0.0114137 0.0249231 0.0142496
31 0.0266479 0.0117831 0.0264514 0.0147101
32 0.0282369 0.0121711 0.0280438 0.0151967
33 0.0298546 0.0125755 0.0296649 0.0157069
34 0.031454 0.0129816 0.0312684 0.0162226
35 0.0329712 0.0133712 0.0327907 0.0167204
36 0.0343337 0.0137309 0.0341592 0.0171827
37 0.0354832 0.0140525 0.0353155 0.0175983
38 0.0364096 0.0143363 0.0362488 0.0179664
39 0.0371449 0.0145868 0.0369906 0.0182915
40 0.0377384 0.0148113 0.0375901 0.0185815
41 0.0382245 0.0150157 0.0380814 0.0188435
42 0.0386153 0.0152068 0.038477 0.0190861
43 0.0389035 0.0153872 0.0387695 0.0193134
44 0.0390862 0.015559 0.0389562 0.0195286
45 0.0391675 0.0157194 0.0390411 0.0197283
46 0.0391598 0.0158617 0.0390369 0.0199044
47 0.0390856 0.0159811 0.0389662 0.0200511
48 0.0389701 0.0160757 0.0388541 0.0201658
49 0.0388281 0.0161467 0.0387154 0.0202499
50 0.0386568 0.016196 0.0385475 0.0203052
51 0.0384527 0.0162257 0.0383466 0.0203345
53 0.0379104 0.0162344 0.0378107 0.0203246
55 0.0371369 0.0161688 0.0370436 0.0202157
57 0.0361219 0.0160058 0.0360356 0.0199804
59 0.0349496 0.0157436 0.0348708 0.0196184
61 0.033706 0.0154053 0.0336353 0.019158
63 0.032404 0.015015 0.0323417 0.0186292
65 0.0310353 0.0145836 0.0309815 0.0180464
67 0.0296248 0.014113 0.0295793 0.0174141
69 0.0282357 0.0136142 0.0281983 0.0167477
71 0.0269046 0.0131065 0.0268752 0.0160719
73 0.0256182 0.0126028 0.0255965 0.0154028
75 0.0243555 0.0121036 0.0243409 0.0147414
77 0.0231289 0.0116096 0.0231208 0.0140896
79 0.0219724 0.0111251 0.0219701 0.0134531
81 0.0208899 0.0106582 0.0208928 0.0128419
83 0.0198655 0.0102136 0.0198728 0.0122613
85 0.0188902 0.00979111 0.0189013 0.011711
87 0.0179606 0.00938563 0.0179749 0.0111849
89 0.0170826 0.0089945 0.0170996 0.01068
91 0.0162624 0.00861989 0.0162816 0.0101989
93 0.0154934 0.0082636 0.0155146 0.00974343
95 0.0147651 0.00792453 0.0147879 0.00931177
97 0.0140702 0.00759987 0.0140942 0.00890027
99 0.0134108 0.00728823 0.0134358 0.00850711
101 0.0127942 0.00699117 0.0128199 0.00813395
106 0.0114262 0.00631249 0.0114527 0.0072874
111 0.0102139 0.00570263 0.0102404 0.00653578
116 0.00916282 0.00516342 0.00918904 0.00587725
121 0.00826625 0.00468927 0.00829152 0.00530233
126 0.00749407 0.00427031 0.00751805 0.0047978
131 0.00680464 0.00389091 0.00682719 0.00434488
136 0.00619405 0.00354491 0.00621516 0.00393589
141 0.00564228 0.00323197 0.00566191 0.00356813
146 0.00515096 0.0029584 0.00516907 0.0032477
151 0.00471515 0.00272052 0.00473174 0.0029707
156 0.0043307 0.00251689 0.00434601 0.00273396
161 0.00398575 0.00234219 0.0039999 0.00253149
166 0.00366825 0.00217761 0.00368125 0.00234233
171 0.00338423 0.00203017 0.00339593 0.00217329
176 0.00314332 0.00190999 0.00315356 0.00203507
181 0.00293026 0.00180871 0.00293925 0.00191799
186 0.00273867 0.00172045 0.00274702 0.00181605
191 0.00257626 0.00164564 0.00258397 0.00172978
196 0.00243501 0.00157972 0.00244188 0.00165419
201 0.00230743 0.00152301 0.00231353 0.00158911
206 0.00219626 0.00147439 0.00220184 0.00153259
211 0.00209922 0.00143257 0.00210439 0.00148385
216 0.00201471 0.00139633 0.00201951 0.00144221
221 0.00193977 0.00136471 0.0019441 0.00140547
226 0.00187357 0.00133829 0.00187727 0.00137426
231 0.00181402 0.00131715 0.00181727 0.0013491
