14 3.52141e-07 1.79916e-07 3.519e-07 2.18453e-07
15 1.39057e-05 7.64405e-06 1.39068e-05 9.25041e-06
16 8.61583e-05 5.47367e-05 8.61385e-05 6.55953e-05
17 0.00030697 0.000198279 0.000306798 0.000236891
18 0.000819486 0.000540313 0.000818828 0.000644656
19 0.00176648 0.00118612 0.00176455 0.00141387
20 0.00315282 0.00215654 0.00314809 0.00256991
21 0.00474375 0.0033177 0.00473384 0.00395663
22 0.00617474 0.00443791 0.00615651 0.00530384
23 0.00718017 0.00533163 0.00715028 0.0063955
24 0.0077261 0.00594123 0.00768199 0.00716318
25 0.00793165 0.00630325 0.00787267 0.00764549
26 0.00793627 0.00648521 0.00786393 0.00791566
27 0.00785641 0.00656674 0.00777364 0.00806217
28 0.00779502 0.00663404 0.0077049 0.00818349
29 0.00783288 0.00676013 0.00773785 0.00836434
30 0.00797795 0.00695348 0.00787978 0.00861456
31 0.00820604 0.00719849 0.00810579 0.00891747
32 0.00849244 0.0074722 0.00839064 0.00924856
33 0.00883754 0.00777314 0.008734 0.00960939
34 0.00923533 0.00810173 0.00912965 0.0100037
35 0.00968165 0.00845686 0.00957342 0.0104319
36 0.0101723 0.00883886 0.0100611 0.0108952
37 0.0106842 0.00923291 0.0105701 0.0113755
38 0.0111971 0.00962813 0.01108 0.0118597
39 0.0116916 0.0100122 0.0115716 0.0123322
40 0.0121677 0.0103856 0.0120449 0.012793
41 0.012631 0.0107498 0.012505 0.0132429
42 0.0130884 0.0111079 0.0129591 0.0136851
43 0.0135449 0.0114636 0.013412 0.0141239
44 0.0140007 0.0118212 0.0138641 0.0145648
45 0.014451 0.0121805 0.0143105 0.0150076
46 0.0148918 0.0125407 0.0147475 0.015452
47 0.0153249 0.0129013 0.0151769 0.015897
48 0.0157504 0.0132585 0.015599 0.0163382
49 0.0161728 0.0136107 0.0160183 0.016773
50 0.0165941 0.0139564 0.0164364 0.0171998
51 0.0170132 0.0142951 0.0168527 0.0176177
53 0.0178279 0.0149485 0.017662 0.0184227
55 0.0185768 0.0155627 0.0184064 0.0191779
57 0.0192242 0.0161153 0.0190504 0.0198553
59 0.0197751 0.0165916 0.0195989 0.0204366
61 0.0202653 0.0169985 0.0200875 0.0209286
63 0.0207055 0.0173522 0.0205267 0.0213505
65 0.0210769 0.0176579 0.020898 0.0217083
67 0.0213777 0.0179119 0.0211996 0.0219983
69 0.0216341 0.0181159 0.0214573 0.0222229
71 0.0218625 0.018283 0.0216875 0.0223985
73 0.0220497 0.0184236 0.0218768 0.022538
75 0.0221756 0.0185342 0.0220052 0.022638
77 0.0222415 0.0186049 0.0220739 0.0226882
79 0.0222658 0.018633 0.0221012 0.0226863
81 0.0222716 0.0186355 0.0221101 0.0226526
83 0.0222397 0.0186172 0.0220815 0.0225924
85 0.0221551 0.0185784 0.0220005 0.0225063
87 0.0220253 0.0185147 0.0218744 0.0223895
89 0.0218759 0.0184279 0.0217289 0.0222449
91 0.021715 0.0183244 0.0215717 0.0220803
93 0.0215275 0.0182052 0.0213879 0.0218969
95 0.0213034 0.0180668 0.0211675 0.0216907
97 0.0210514 0.0179054 0.0209193 0.0214577
99 0.0207851 0.0177209 0.020657 0.0211985
101 0.0205119 0.0175241 0.0203877 0.0209255
106 0.0197287 0.0169813 0.0196143 0.0201855
111 0.0188722 0.016347 0.0187671 0.0193453
116 0.0179811 0.0156513 0.017885 0.0184413
121 0.017057 0.0149059 0.0169697 0.0174883
126 0.0161097 0.0141312 0.0160306 0.0165109
131 0.0151433 0.013331 0.0150724 0.0155129
136 0.0141787 0.0125322 0.0141155 0.0145248
141 0.0132328 0.011717 0.013177 0.0135286
146 0.0123072 0.0109052 0.0122579 0.0125461
151 0.011417 0.0101289 0.0113734 0.0116097
156 0.0105575 0.00938616 0.0105191 0.0107186
161 0.00973221 0.00868578 0.00969862 0.00988238
166 0.00896551 0.00803433 0.00893675 0.00910742
171 0.00824513 0.00742307 0.00822099 0.00838466
176 0.00759834 0.0068641 0.007578 0.00772598
181 0.00699076 0.00635026 0.00697366 0.00712253
186 0.00641175 0.00587028 0.0063977 0.00656175
191 0.00589257 0.0054183 0.00588103 0.0060359
196 0.0054331 0.00500668 0.00542361 0.00555789
201 0.00500405 0.00463836 0.0049964 0.0051322
206 0.00460833 0.00429854 0.00460234 0.00474235
211 0.00425005 0.00398314 0.00424545 0.0043814
216 0.00392815 0.00369632 0.00392447 0.00405388
221 0.00363956 0.00344064 0.00363676 0.00376306
226 0.00338579 0.00321367 0.00338386 0.003505
231 0.00315125 0.00301205 0.00314989 0.0032748
236 0.00292896 0.00282885 0.00292814 0.00306587
241 0.00272704 0.00266272 0.00272658 0.0028771
246 0.00254791 0.00250183 0.00254771 0.00269542
251 0.0023863 0.00235646 0.00238651 0.00253204
256 0.00224248 0.00223618 0.00224303 0.00239686
261 0.0021106 0.00213068 0.00211124 0.00227777
266 0.00198615 0.00203442 0.00198698 0.00216907
271 0.0018735 0.00194481 0.00187469 0.00206809
276 0.00177712 0.001861 0.00177832 0.00197417
281 0.00169068 0.00178645 0.00169171 0.00189102
286 0.00160898 0.00172082 0.00160996 0.00181736
291 0.00153668 0.00166198 0.00153766 0.00175073
296 0.00147451 0.00160795 0.00147554 0.00168936
301 0.00141862 0.00155839 0.00141968 0.00163325
306 0.00136631 0.00151567 0.00136728 0.00158501
311 0.00131524 0.00147635 0.00131607 0.00154031
316 0.00126563 0.00143541 0.00126639 0.00149389
321 0.00122186 0.0013988 0.00122262 0.00145229
326 0.00118297 0.0013665 0.00118373 0.00141557
331 0.00114777 0.00133706 0.00114858 0.00138189
336 0.00111494 0.00130919 0.00111579 0.00135008
341 0.00108413 0.00128299 0.00108495 0.00132052
