42 4.01353e-09 1.88008e-08 3.20976e-09 2.11449e-08
43 2.56827e-08 1.17896e-07 2.40942e-08 1.32647e-07
44 1.02432e-07 4.60927e-07 9.81262e-08 5.18711e-07
45 3.06461e-07 1.3591e-06 2.95172e-07 1.52877e-06
46 7.73432e-07 3.34119e-06 7.47677e-07 3.75106e-06
47 1.5814e-06 6.77772e-06 1.53127e-06 7.61424e-06
48 2.77018e-06 1.18805e-05 2.68589e-06 1.33701e-05
49 4.30082e-06 1.85736e-05 4.17617e-06 2.09517e-05
50 6.07986e-06 2.65881e-05 5.91383e-06 3.0077e-05
51 8.01156e-06 3.56098e-05 7.80745e-06 4.04028e-05
53 1.21901e-05 5.56618e-05 1.19235e-05 6.34676e-05
55 1.70018e-05 7.75774e-05 1.66794e-05 8.86976e-05
57 2.26452e-05 0.000101274 2.22624e-05 0.000115928
59 2.87385e-05 0.000126496 2.82964e-05 0.000144892
61 3.50315e-05 0.000152855 3.45343e-05 0.000175168
63 4.18677e-05 0.000180409 4.13075e-05 0.000206793
65 4.96045e-05 0.000209782 4.89642e-05 0.000240475
67 5.81017e-05 0.000241612 5.73681e-05 0.000276959
69 6.69512e-05 0.000275837 6.61219e-05 0.000316173
71 7.63101e-05 0.000312376 7.53792e-05 0.000358006
73 8.69809e-05 0.000351873 8.59253e-05 0.000403192
75 9.93119e-05 0.000395141 9.81019e-05 0.000452693
77 0.000112991 0.00044247 0.000111605 0.000506871
79 0.000127653 0.00049335 0.000126074 0.00056514
81 0.000143308 0.000547409 0.000141523 0.000627056
83 0.000160314 0.000605262 0.000158299 0.000693328
85 0.000178582 0.000667364 0.000176315 0.000764509
87 0.000197454 0.00073292 0.000194932 0.000839743
89 0.000216879 0.000801239 0.000214094 0.00091823
91 0.000237656 0.000872757 0.000234577 0.00100041
93 0.000260397 0.000949147 0.000256981 0.00108817
95 0.000285008 0.00103161 0.000281227 0.00118287
97 0.000311288 0.00111983 0.000307121 0.00128409
99 0.000339475 0.00121298 0.000334893 0.00139094
101 0.000369713 0.00131035 0.000364674 0.00150266
106 0.000451905 0.00157307 0.000445611 0.00180446
111 0.000547593 0.00187479 0.000539878 0.00215037
116 0.000663341 0.00221853 0.000653877 0.00254385
121 0.000796826 0.00260169 0.000785368 0.00298171
126 0.000955087 0.00303679 0.000941295 0.00347793
131 0.00112903 0.00350705 0.00111265 0.00401381
136 0.00131197 0.00401088 0.00129288 0.00458777
141 0.0015015 0.00452076 0.00147971 0.00516979
146 0.00170823 0.00504775 0.00168346 0.00577083
151 0.00192709 0.005593 0.00189918 0.00639173
156 0.00215354 0.00614289 0.00212245 0.00701814
161 0.00239183 0.00669736 0.00235745 0.00764838
166 0.00263354 0.00724479 0.00259572 0.00827023
171 0.00287281 0.00777481 0.00283177 0.00887134
176 0.00310574 0.00828445 0.00306157 0.00944906
181 0.00333443 0.00876071 0.00328706 0.00998797
186 0.00354823 0.00919176 0.00349782 0.0104755
191 0.00375516 0.00957616 0.00370201 0.0109101
196 0.00396987 0.00995323 0.00391397 0.0113332
201 0.00416752 0.0102889 0.00410909 0.0117086
206 0.00434566 0.0105846 0.00428512 0.0120372
211 0.00450918 0.0108618 0.00444676 0.0123419
216 0.00466382 0.0111131 0.00459983 0.0126151
221 0.0048187 0.0113297 0.00475323 0.012847
226 0.00495486 0.0115136 0.00488824 0.0130405
231 0.00505878 0.0116463 0.00499171 0.0131752
236 0.00514841 0.0117381 0.00508122 0.0132623
241 0.00521801 0.011777 0.00515107 0.0132889
246 0.00526439 0.0117725 0.00519804 0.0132661
251 0.00529089 0.0117269 0.00522555 0.0131968
256 0.00528907 0.0116375 0.00522516 0.0130777
261 0.00525247 0.0114742 0.00519044 0.0128776
266 0.00519074 0.0112422 0.00513103 0.0126029
271 0.00511102 0.0109695 0.00505412 0.0122831
276 0.00500922 0.0106812 0.00495533 0.0119458
281 0.00488389 0.0103564 0.00483306 0.0115696
286 0.00473599 0.00998442 0.00468832 0.0111431
291 0.00457565 0.00956962 0.00453118 0.0106716
296 0.00439943 0.00911295 0.00435821 0.0101563
301 0.00421108 0.00864878 0.00417313 0.00963481
306 0.0040133 0.00818859 0.00397863 0.00911943
311 0.00381139 0.00772504 0.00378014 0.00860092
316 0.00361289 0.00726395 0.00358511 0.00808521
321 0.00341016 0.00679517 0.00338545 0.0075634
326 0.00321199 0.0063371 0.00319003 0.00705488
331 0.00301736 0.00590309 0.00299824 0.00657315
336 0.00282644 0.00548787 0.00280981 0.00611219
341 0.00264439 0.00509942 0.00263008 0.00568052
346 0.00246692 0.00472419 0.00245484 0.00526308
351 0.00229356 0.00435609 0.00228349 0.00485295
356 0.00212724 0.00401504 0.00211884 0.00447249
361 0.00197525 0.00370266 0.00196821 0.00412271
366 0.00183956 0.00341549 0.00183376 0.0037984
371 0.0017135 0.0031532 0.00170886 0.00350102
376 0.00159841 0.00291465 0.00159476 0.00322978
381 0.0014912 0.00269005 0.00148835 0.00297365
386 0.00138835 0.00247939 0.00138612 0.00273205
391 0.00129307 0.00228795 0.00129129 0.00251148
396 0.00120408 0.00211447 0.00120255 0.00231131
401 0.00112161 0.00196011 0.0011202 0.00213214
406 0.00104753 0.00182439 0.00104647 0.00197395
411 0.000980708 0.00170339 0.000980111 0.00183281
416 0.000919772 0.00159297 0.000919385 0.00170447
421 0.000866613 0.00149449 0.000866256 0.00159021
426 0.000820652 0.00140612 0.000820324 0.00148752
431 0.000780719 0.00132781 0.000780407 0.00139631
436 0.000744284 0.00126257 0.000744063 0.0013201
441 0.000710873 0.00120566 0.000710745 0.00125357
446 0.000682142 0.00115329 0.000682141 0.00119282
451 0.000658128 0.00110757 0.000658204 0.00114009
456 0.000637091 0.00106815 0.000637199 0.0010946
461 0.000618995 0.00103468 0.000619096 0.00105616
466 0.00060313 0.00100605 0.000603208 0.00102363
471 0.000588992 0.000979818 0.000589081 0.00099413
476 0.000577552 0.000955467 0.000577692 0.000966795
481 0.000568881 0.000934205 0.000569102 0.000943079
486 0.000561997 0.000916332 0.000562244 0.000923269
491 0.000556226 0.000900715 0.000556467 0.000905988
496 0.000550977 0.000886752 0.000551264 0.000890728
501 0.000546321 0.00087411 0.000546622 0.000877133
506 0.000542707 0.000862339 0.00054296 0.000864526
511 0.000540023 0.000851488 0.000540208 0.000853025
516 0.000537911 0.000841328 0.000538059 0.000842485
521 0.000536648 0.000831543 0.000536816 0.000832472
526 0.000535625 0.000821665 0.000535833 0.000822457
531 0.000534177 0.000811888 0.000534425 0.000812513
536 0.000532342 0.000802856 0.000532628 0.000803359
541 0.000531483 0.000794562 0.000531778 0.000795061
546 0.00053171 0.0007869 0.000531982 0.000787389
551 0.000532511 0.000779723 0.000532772 0.000780203
556 0.0005336 0.000772884 0.000533857 0.000773376
561 0.000534741 0.000765845 0.000535013 0.000766367
566 0.000536015 0.000758486 0.000536318 0.000759034
571 0.000537467 0.00075096 0.000537777 0.00075149
576 0.000539086 0.000743621 0.000539399 0.000744122
581 0.000540836 0.000736516 0.000541179 0.000737004
586 0.000542614 0.000729367 0.000542973 0.000729831
591 0.000544249 0.000722009 0.000544605 0.000722456
596 0.000545352 0.000713877 0.000545703 0.000714311
601 0.000545408 0.000704463 0.000545782 0.000704885
606 0.000543165 0.000692199 0.000543572 0.000692587
611 0.000537238 0.000675572 0.000537639 0.00067593
616 0.000525688 0.000652401 0.000526052 0.000652738
621 0.000507039 0.000621272 0.000507388 0.000621592
626 0.000480218 0.000581316 0.000480584 0.000581617
631 0.000444814 0.000532246 0.000445181 0.000532518
636 0.000401555 0.00047507 0.00040188 0.000475288
641 0.000351889 0.000411687 0.000352177 0.000411866
