16 1.04042e-06 8.02512e-07 1.03312e-06 9.51968e-07
17 1.53449e-05 1.3216e-05 1.52593e-05 1.56228e-05
18 7.66535e-05 6.70478e-05 7.62583e-05 7.91245e-05
19 0.000244453 0.000214744 0.000243219 0.000253298
20 0.000605076 0.000537338 0.000602063 0.000633959
21 0.00121489 0.00109073 0.00120883 0.00128745
22 0.00201667 0.00183771 0.00200637 0.00217154
23 0.00282201 0.00262964 0.00280676 0.00311393
24 0.00341465 0.00328677 0.00339428 0.00390555
25 0.00369557 0.00371194 0.00367009 0.0044325
26 0.0037354 0.00393377 0.00370482 0.00472567
27 0.00366868 0.00403584 0.00363327 0.00487857
28 0.0036218 0.00411475 0.00358214 0.00500072
29 0.00364084 0.00421973 0.0035978 0.00514786
30 0.00373334 0.00437529 0.00368767 0.00534861
31 0.00388306 0.00457918 0.00383517 0.00560135
32 0.00406561 0.00481348 0.00401565 0.00588638
33 0.00426512 0.00506779 0.00421309 0.00619331
34 0.00447912 0.00534017 0.00442488 0.00652136
35 0.00470551 0.00562827 0.00464895 0.00686865
36 0.00494631 0.00593337 0.00488731 0.00723748
37 0.00519653 0.00624617 0.00513508 0.00761654
38 0.0054518 0.00656121 0.00538791 0.00799948
39 0.00570524 0.00687007 0.00563897 0.00837609
40 0.00595114 0.00716669 0.00588258 0.00873896
41 0.00618831 0.00744956 0.00611748 0.00908586
42 0.00642337 0.00772484 0.00635018 0.00942372
43 0.00665862 0.00799466 0.00658291 0.00975466
44 0.00689499 0.0082617 0.00681662 0.0100818
45 0.00713287 0.00852961 0.00705168 0.0104097
46 0.00736969 0.00879824 0.00728565 0.0107383
47 0.00760474 0.00906897 0.00751789 0.0110698
48 0.0078359 0.00933825 0.00774634 0.0113998
49 0.00806711 0.00960739 0.00797495 0.01173
50 0.00829923 0.00987371 0.00820458 0.0120569
51 0.00853679 0.0101409 0.00843963 0.0123846
53 0.00902674 0.0106778 0.00892448 0.0130421
55 0.00952451 0.0112188 0.0094171 0.0137027
57 0.0100074 0.0117477 0.0098952 0.0143474
59 0.0104647 0.0122447 0.0103483 0.0149524
61 0.0109064 0.0127096 0.0107864 0.0155169
63 0.0113401 0.0131488 0.0112165 0.0160475
65 0.0117586 0.013567 0.0116318 0.0165501
67 0.0121472 0.0139535 0.0120176 0.017012
69 0.0125106 0.0143032 0.0123786 0.0174276
71 0.0128641 0.0146269 0.0127298 0.0178093
73 0.0132032 0.0149328 0.0130668 0.0181665
75 0.0135122 0.0152201 0.013374 0.0184986
77 0.0137833 0.0154791 0.0136439 0.0187948
79 0.0140329 0.0157088 0.0138925 0.0190544
81 0.0142737 0.0159171 0.0141323 0.019287
83 0.014503 0.0161148 0.0143609 0.019505
85 0.0147108 0.0163025 0.0145679 0.0197088
87 0.0148986 0.0164745 0.0147554 0.019892
89 0.0150812 0.0166309 0.0149377 0.0200557
91 0.0152599 0.0167751 0.0151161 0.020204
93 0.015423 0.0169098 0.015279 0.0203399
95 0.0155627 0.0170355 0.0154188 0.0204639
97 0.0156787 0.0171457 0.015535 0.0205685
99 0.015784 0.0172407 0.0156407 0.0206547
101 0.0158838 0.0173235 0.015741 0.0207262
106 0.0160589 0.0174772 0.0159179 0.0208396
111 0.0161277 0.0175386 0.0159894 0.0208411
116 0.0160778 0.0174937 0.0159429 0.0207177
121 0.0159151 0.0173245 0.0157844 0.0204511
126 0.0156617 0.0170825 0.0155359 0.0200976
131 0.0153238 0.0167482 0.0152034 0.0196382
136 0.0149116 0.0163321 0.0147969 0.0190861
141 0.0144511 0.0158521 0.0143427 0.0184622
146 0.0139248 0.0153193 0.013823 0.017782
151 0.013348 0.0147071 0.0132531 0.0170171
156 0.0127315 0.0140516 0.0126436 0.0162083
161 0.0120831 0.0133664 0.0120024 0.01537
166 0.0114354 0.0126569 0.0113615 0.01451
171 0.010775 0.0119336 0.0107075 0.0136414
176 0.0101108 0.011218 0.0100495 0.012786
181 0.00946783 0.010512 0.00941265 0.0119466
186 0.00883463 0.00983262 0.00878501 0.0111438
191 0.00821458 0.00918096 0.00817036 0.0103779
196 0.00764073 0.00856447 0.00760162 0.00965584
201 0.00710947 0.00799288 0.00707494 0.0089871
206 0.0066023 0.00746251 0.00657223 0.00836771
211 0.00612958 0.00695528 0.00610355 0.00777806
216 0.00569911 0.00647448 0.0056765 0.0072229
221 0.00528594 0.00602531 0.0052664 0.00670666
226 0.00489717 0.00561163 0.00488024 0.00623162
231 0.00453936 0.00522922 0.00452483 0.00579356
236 0.00421137 0.00486809 0.00419906 0.00538284
241 0.00391373 0.00453178 0.00390297 0.00500209
246 0.00364354 0.0042319 0.00363399 0.00466176
251 0.00338936 0.0039583 0.00338133 0.00435188
256 0.00316126 0.00370537 0.00315479 0.00406616
261 0.00295564 0.00347512 0.00295022 0.00380564
266 0.0027675 0.00327077 0.0027627 0.00357499
271 0.002592 0.00308375 0.00258786 0.00336522
276 0.00243155 0.00290329 0.00242825 0.00316445
281 0.00228715 0.00273773 0.00228461 0.00298019
286 0.00215239 0.00258966 0.00215052 0.00281431
291 0.00202609 0.00245803 0.00202472 0.0026659
296 0.00190449 0.00233557 0.00190337 0.00252852
301 0.00179169 0.00222073 0.00179077 0.00240048
306 0.00169284 0.00211148 0.00169222 0.00227855
311 0.00160391 0.00201303 0.00160355 0.00216809
316 0.0015228 0.00192286 0.0015226 0.00206657
321 0.00144747 0.00184192 0.00144746 0.00197498
326 0.0013742 0.00176662 0.00137439 0.00188936
331 0.00130961 0.0016984 0.00130989 0.00181117
336 0.00125228 0.0016351 0.00125254 0.00173851
341 0.00120036 0.00157594 0.00120065 0.00167057
346 0.0011534 0.00152297 0.00115379 0.00160954
351 0.00111084 0.00147606 0.00111144 0.00155506
356 0.0010699 0.00143381 0.00107072 0.00150588
361 0.00103039 0.00139426 0.00103124 0.00146022
366 0.000995219 0.00135548 0.000995923 0.00141547
371 0.00096408 0.00131891 0.0009647 0.00137325
376 0.000935597 0.00128661 0.000936189 0.00133567
381 0.000909179 0.00125807 0.000909723 0.00130225
386 0.000883204 0.00123025 0.000883692 0.00127025
391 0.000858252 0.00120349 0.000858673 0.0012399
