15 9.75996e-08 6.70377e-08 9.6416e-08 7.99128e-08
16 9.58033e-06 6.74797e-06 9.53987e-06 8.04462e-06
17 6.23558e-05 4.83971e-05 6.21353e-05 5.74146e-05
18 0.000221811 0.000173731 0.000221038 0.000205825
19 0.000593303 0.000470671 0.000591241 0.000557447
20 0.00127556 0.00102539 0.00127106 0.00121443
21 0.0022634 0.0018463 0.00225506 0.00218789
22 0.00337414 0.00280654 0.00336061 0.00333076
23 0.00433634 0.00370308 0.00431639 0.00440685
24 0.00496383 0.0043817 0.0049363 0.00523634
25 0.00525173 0.00480824 0.00521573 0.00577745
26 0.00531361 0.00503721 0.00526904 0.00608972
27 0.00527109 0.00514885 0.00521906 0.00626221
28 0.00521177 0.00521944 0.00515412 0.00638074
29 0.00519706 0.00531149 0.00513559 0.00651705
30 0.00526447 0.00546316 0.00520034 0.00671587
31 0.00540934 0.0056699 0.00534303 0.00697289
32 0.00560864 0.0059156 0.00554023 0.00727144
33 0.00584669 0.00618908 0.00577601 0.00760086
34 0.00611843 0.00648868 0.00604523 0.00796136
35 0.00641881 0.00681184 0.00634287 0.00835137
36 0.00674525 0.00715538 0.00666643 0.00876758
37 0.00709053 0.00751119 0.00700883 0.00920026
38 0.00744281 0.00786793 0.00735829 0.00963566
39 0.00778982 0.00821571 0.00770258 0.0100618
40 0.00812587 0.00855031 0.00803596 0.0104732
41 0.00845128 0.00887204 0.00835865 0.0108698
42 0.00877114 0.00918412 0.00867565 0.0112548
43 0.00909076 0.00949118 0.00899219 0.0116334
44 0.00941277 0.00979748 0.00931093 0.0120108
45 0.00973757 0.0101062 0.00963231 0.0123909
46 0.0100626 0.0104179 0.00995391 0.0127746
47 0.0103874 0.010733 0.0102752 0.0131625
48 0.0107115 0.0110492 0.010596 0.0135518
49 0.0110382 0.0113661 0.0109194 0.0139419
50 0.0113686 0.0116819 0.0112467 0.0143305
51 0.0117045 0.0119966 0.0115794 0.0147176
53 0.0123828 0.0126203 0.0122517 0.0154839
55 0.0130469 0.0132309 0.0129102 0.0162329
57 0.013673 0.013812 0.0135314 0.0169442
59 0.0142561 0.0143443 0.0141103 0.0175943
61 0.0148149 0.0148296 0.0146655 0.0181843
63 0.0153511 0.0152778 0.0151984 0.0187253
65 0.0158445 0.0156909 0.0156893 0.0192198
67 0.0162825 0.0160598 0.0161253 0.0196577
69 0.0166813 0.0163805 0.0165228 0.0200345
71 0.0170639 0.0166635 0.0169045 0.0203627
73 0.017426 0.0169202 0.0172659 0.0206556
75 0.0177525 0.0171541 0.0175922 0.0209174
77 0.0180439 0.017362 0.0178839 0.0211443
79 0.0183116 0.0175411 0.0181521 0.0213339
81 0.0185657 0.0177 0.0184067 0.021497
83 0.018796 0.0178407 0.0186378 0.0216364
85 0.018986 0.0179592 0.0188287 0.0217474
87 0.0191317 0.0180483 0.0189758 0.0218221
89 0.019248 0.0181101 0.0190939 0.0218632
91 0.0193443 0.0181508 0.0191921 0.0218782
93 0.0194114 0.0181739 0.0192613 0.0218712
95 0.0194351 0.0181751 0.0192874 0.0218368
97 0.0194195 0.0181483 0.0192745 0.0217688
99 0.0193823 0.0180947 0.0192402 0.021669
101 0.0193254 0.0180176 0.0191863 0.0215414
106 0.0190283 0.0177159 0.0188973 0.0210928
111 0.0185532 0.0172404 0.0184313 0.0204424
116 0.0179296 0.0166499 0.0178171 0.0196591
121 0.0172193 0.0159388 0.0171165 0.0187399
126 0.0164183 0.0151368 0.0163254 0.0177217
131 0.0155312 0.0142537 0.0154483 0.0166176
136 0.0145658 0.013324 0.014493 0.0154679
141 0.0135671 0.01234 0.0135041 0.0142665
146 0.0125564 0.0113284 0.0125026 0.0130457
151 0.0115519 0.0103414 0.0115062 0.0118601
156 0.0105632 0.00939442 0.0105247 0.0107283
161 0.00959888 0.00849787 0.00956708 0.0096625
166 0.00869502 0.0076629 0.00866988 0.00867454
171 0.00785479 0.0068897 0.00783571 0.00776483
176 0.0071013 0.00618921 0.00708685 0.00694327
181 0.00638089 0.00554089 0.00637038 0.00618777
186 0.00572805 0.00494705 0.00572092 0.00550014
191 0.00515132 0.00441863 0.00514693 0.00488957
196 0.00462716 0.00394775 0.00462491 0.00434809
201 0.00415209 0.00352612 0.00415123 0.00386573
206 0.00374264 0.00315629 0.00374326 0.00344283
211 0.00338973 0.0028438 0.00339152 0.00308518
216 0.0030746 0.0025773 0.0030769 0.00278031
221 0.00279364 0.00234608 0.0027962 0.00251676
226 0.00254741 0.0021457 0.00255005 0.00228924
231 0.0023332 0.00197166 0.00233594 0.00209145
236 0.00214972 0.0018262 0.00215273 0.00192595
241 0.00199622 0.0017051 0.00199939 0.00178844
246 0.0018723 0.00160423 0.00187533 0.00167386
251 0.00176947 0.00152095 0.00177243 0.00157907
256 0.00168764 0.00145234 0.0016903 0.00150112
261 0.00161828 0.00139707 0.00162064 0.00143767
266 0.00155648 0.00134945 0.00155869 0.00138306
271 0.00150477 0.00130874 0.00150655 0.00133675
276 0.00146219 0.00127618 0.00146349 0.0012996
281 0.00142929 0.00125082 0.00143033 0.0012702
286 0.00140389 0.00123047 0.00140495 0.00124658
291 0.00138366 0.00121302 0.00138477 0.00122667
296 0.0013676 0.00119752 0.0013687 0.00120903
301 0.00135491 0.00118469 0.00135603 0.00119436
306 0.00134618 0.00117374 0.00134721 0.00118183
311 0.00133097 0.00115525 0.00133186 0.00116214
316 0.00132179 0.00114069 0.00132265 0.00114679
321 0.00131372 0.00112666 0.00131472 0.00113203
326 0.00130639 0.00111265 0.00130741 0.00111732
331 0.00129762 0.00109735 0.00129855 0.00110146
336 0.0012845 0.0010786 0.00128542 0.00108233
341 0.00126508 0.00105442 0.00126602 0.00105779
346 0.00123515 0.00102177 0.00123607 0.00102477
351 0.00119091 0.000977847 0.00119185 0.000980656
356 0.00112948 0.000920664 0.00113041 0.000923354
361 0.00104947 0.000849445 0.00105033 0.000851961
366 0.000951487 0.000765249 0.000952309 0.000767507
371 0.000838407 0.000670548 0.000839179 0.000672478
