10 1.08622e-05 4.23692e-06 1.05585e-05 5.0533e-06
11 0.000170936 5.72393e-05 0.000166701 6.84583e-05
12 0.000939984 0.000232215 0.000923915 0.000278092
13 0.00350594 0.000692084 0.00346229 0.000827763
14 0.00964013 0.00162853 0.00954557 0.00194716
15 0.0213314 0.0031304 0.0211673 0.0037431
16 0.0389701 0.00502939 0.0387398 0.00601735
17 0.0592168 0.0068931 0.0589506 0.00826449
18 0.0752985 0.00824803 0.0750376 0.00993968
19 0.0810201 0.00887627 0.0807924 0.010804
20 0.0753476 0.00893037 0.0751573 0.0110455
21 0.0629284 0.00878219 0.0627645 0.0110908
22 0.0501267 0.00874244 0.0499762 0.0112778
23 0.0408606 0.00888811 0.0407165 0.0116617
24 0.0356259 0.00911096 0.0354867 0.0120839
25 0.0332508 0.00924093 0.033121 0.0123271
26 0.0323787 0.00919203 0.0322662 0.012291
27 0.0321281 0.00898166 0.0320396 0.0120174
28 0.0320861 0.00869185 0.0320244 0.0116286
29 0.0321642 0.00841219 0.0321279 0.0112502
30 0.0323099 0.00818925 0.0322951 0.0109459
31 0.0324496 0.00802131 0.0324531 0.0107135
32 0.0325077 0.00788219 0.0325275 0.0105176
33 0.0324363 0.00774841 0.0324713 0.0103267
34 0.0321929 0.00760644 0.0322428 0.010122
35 0.0317413 0.00745091 0.0318055 0.00989623
36 0.0310667 0.00728058 0.0311443 0.00964844
37 0.0301966 0.00709867 0.0302864 0.0093839
38 0.029204 0.00691216 0.0293044 0.00911256
39 0.0281804 0.00673073 0.0282898 0.00884721
40 0.0271997 0.00656421 0.0273164 0.00860044
41 0.0262894 0.00641786 0.0264115 0.00837912
42 0.0254461 0.00629326 0.0255722 0.00818567
43 0.0246449 0.00618698 0.0247733 0.00801632
44 0.0238575 0.00609317 0.0239873 0.00786391
45 0.0230649 0.00600597 0.0231953 0.00772092
46 0.0222593 0.00592021 0.0223897 0.00758063
47 0.021449 0.00583369 0.021579 0.00744005
48 0.0206477 0.00574586 0.020777 0.00729836
49 0.0198739 0.00565795 0.0200023 0.00715727
50 0.0191412 0.0055714 0.0192683 0.00701879
51 0.0184577 0.005487 0.0185831 0.00688416
53 0.0172279 0.00532193 0.0173488 0.00662399
55 0.0161127 0.00515236 0.0162278 0.00636467
57 0.0150194 0.00496786 0.0151285 0.0060927
59 0.0139334 0.00476738 0.014037 0.00580633
61 0.0129021 0.00455856 0.013001 0.00551458
63 0.0119516 0.00434644 0.0120462 0.00522318
65 0.0110788 0.00413221 0.0111695 0.00493327
67 0.0102687 0.00391754 0.0103557 0.00464644
69 0.00951615 0.00370763 0.00959986 0.00436877
71 0.00883263 0.00350877 0.00891345 0.00410769
73 0.00821777 0.0033227 0.00829578 0.00386503
75 0.00766211 0.00314818 0.00773739 0.00363901
77 0.00716875 0.002985 0.00724142 0.00342914
79 0.00672709 0.00283222 0.00679713 0.00323406
81 0.00633063 0.00269086 0.00639805 0.00305483
83 0.00597694 0.00256153 0.00604168 0.00289184
85 0.00566015 0.00244203 0.0057222 0.00274229
87 0.00537497 0.00233038 0.00543433 0.00260363
89 0.0051155 0.00222531 0.00517216 0.0024742
91 0.00487956 0.00212703 0.00493355 0.00235406
93 0.00466699 0.00203627 0.00471839 0.00224377
95 0.00447618 0.00195272 0.00452508 0.00214273
97 0.00430427 0.00187543 0.00435075 0.0020497
99 0.00414826 0.00180372 0.00419241 0.00196381
101 0.0040056 0.00173745 0.00404752 0.00188483
106 0.00369616 0.00159344 0.00373311 0.00171445
111 0.00343271 0.00147231 0.00346526 0.00157262
116 0.0032054 0.0013736 0.00323403 0.00145767
121 0.00300766 0.00129033 0.0030328 0.0013612
126 0.00283363 0.00121964 0.00285568 0.00127963
131 0.00268729 0.00116166 0.00270664 0.0012126
136 0.00256677 0.00111443 0.00258383 0.00115735
