13 1.24951e-06 4.3238e-07 1.25995e-06 5.49294e-07
14 2.00189e-05 8.41003e-06 2.01706e-05 1.04646e-05
15 0.000123391 6.2128e-05 0.000123941 7.55529e-05
16 0.000443236 0.000226707 0.000444601 0.000273809
17 0.00119303 0.000623956 0.00119558 0.000750908
18 0.0026046 0.00138321 0.00260782 0.00166012
19 0.00471305 0.00254002 0.00471447 0.00304336
20 0.00720109 0.00394458 0.00719573 0.00472478
21 0.00950312 0.00531026 0.00948443 0.00636957
22 0.0111267 0.00637622 0.0110886 0.00767419
23 0.0119128 0.00703541 0.0118517 0.00851279
24 0.0120198 0.00733973 0.0119355 0.00894131
25 0.0117591 0.00743216 0.0116545 0.00912026
26 0.0114495 0.0074779 0.0113289 0.00923761
27 0.0113141 0.00760068 0.0111818 0.00943545
28 0.0114535 0.00785446 0.0113131 0.00977588
29 0.0118308 0.00820649 0.0116847 0.0102202
30 0.0123647 0.00860455 0.0122147 0.0107091
31 0.0130063 0.00901464 0.0128535 0.0112058
32 0.0137213 0.00942553 0.0135664 0.0117013
33 0.014495 0.00984066 0.0143383 0.0122031
34 0.0153182 0.0102656 0.01516 0.0127197
35 0.0161763 0.0107016 0.0160165 0.0132526
36 0.0170477 0.0111437 0.0168866 0.0137956
37 0.0178962 0.0115787 0.0177339 0.0143318
38 0.0186938 0.0119977 0.0185305 0.01485
39 0.0194305 0.0123986 0.0192663 0.0153471
40 0.0201155 0.0127849 0.0199502 0.0158265
41 0.020769 0.0131638 0.0206021 0.0162964
42 0.0214074 0.0135441 0.0212385 0.0167673
43 0.0220258 0.0139249 0.0218545 0.0172388
44 0.0226253 0.0143079 0.0224513 0.017713
45 0.0232 0.0146926 0.0230234 0.01819
46 0.0237495 0.0150752 0.0235702 0.018665
47 0.0242824 0.0154533 0.0241007 0.019135
48 0.0248023 0.0158214 0.0246183 0.019593
49 0.0253132 0.0161768 0.0251272 0.0200354
50 0.0258136 0.0165178 0.0256257 0.0204595
51 0.0262938 0.016843 0.0261043 0.0208638
53 0.027169 0.017449 0.0269769 0.0216144
55 0.0278739 0.0179832 0.0276805 0.0222715
57 0.0283818 0.0184207 0.0281886 0.0228044
59 0.0287205 0.0187467 0.0285289 0.023195
61 0.028938 0.0189715 0.0287492 0.0234555
63 0.0290405 0.0191144 0.0288555 0.023609
65 0.0290019 0.0191787 0.0288219 0.02366
67 0.0288429 0.0191663 0.0286688 0.0236122
69 0.0286141 0.0190863 0.0284466 0.0234779
71 0.0283423 0.018959 0.0281817 0.0232821
73 0.0280071 0.0187969 0.0278535 0.0230407
75 0.0275891 0.0186013 0.0274426 0.0227559
77 0.0270976 0.0183675 0.0269585 0.0224236
79 0.0265785 0.0181061 0.0264469 0.0220574
81 0.0260496 0.0178276 0.0259256 0.0216708
83 0.0254941 0.0175359 0.0253772 0.0212686
85 0.024902 0.0172292 0.0247917 0.0208488
87 0.0242917 0.0169049 0.0241875 0.0204093
89 0.0236883 0.0165641 0.0235899 0.0199521
91 0.0230955 0.016213 0.0230026 0.0194851
93 0.0224994 0.0158575 0.0224117 0.019015
95 0.0218934 0.0154988 0.0218107 0.018543
97 0.021284 0.0151337 0.021206 0.0180652
99 0.0206833 0.0147623 0.02061 0.0175824
101 0.020098 0.0143898 0.0200292 0.0171006
106 0.0186648 0.013469 0.0186063 0.0159167
111 0.0172729 0.0125525 0.0172237 0.0147526
116 0.0159396 0.0116555 0.0158984 0.0136265
121 0.0146628 0.0107804 0.0146284 0.0125401
126 0.0134616 0.00995156 0.0134331 0.0115199
131 0.0123451 0.00916571 0.0123219 0.0105607
136 0.0113077 0.00842685 0.011289 0.00966578
141 0.0103466 0.00774568 0.0103319 0.0088437
146 0.00946396 0.00711876 0.00945291 0.00808984
151 0.00865609 0.00653125 0.00864792 0.007388
156 0.00791858 0.00599372 0.00791277 0.00674999
161 0.00723314 0.00550473 0.00722943 0.00617336
166 0.0066206 0.00506022 0.00661829 0.00565225
171 0.00606273 0.00465104 0.00606147 0.00517411
176 0.00554722 0.00427447 0.0055468 0.00473499
181 0.00507875 0.00393202 0.00507916 0.00433791
186 0.00466656 0.00363078 0.00466793 0.00399055
191 0.00429105 0.00336212 0.0042931 0.00368149
196 0.00394054 0.0031124 0.00394269 0.00339411
201 0.00362723 0.00289152 0.00362952 0.00314018
206 0.00335983 0.00270378 0.00336267 0.00292569
211 0.00312292 0.00253964 0.00312594 0.00273822
216 0.00290902 0.00239046 0.00291199 0.00256753
221 0.00271493 0.00225609 0.00271779 0.00241449
226 0.00253866 0.00213548 0.00254133 0.00227763
231 0.00237967 0.0020265 0.00238223 0.00215383
236 0.00223668 0.0019315 0.00223924 0.00204573
241 0.00210759 0.00184747 0.00211021 0.0019505
246 0.00199513 0.00177234 0.00199772 0.00186593
251 0.00189654 0.00170716 0.00189899 0.00179239
256 0.00181363 0.00165129 0.00181595 0.00172916
261 0.00174279 0.00160269 0.00174492 0.0016739
266 0.00167112 0.00155787 0.00167298 0.00162247
271 0.00160201 0.0015162 0.00160358 0.00157504
276 0.00154244 0.00147861 0.00154395 0.00153256
281 0.00148979 0.0014446 0.00149121 0.00149405
286 0.00144261 0.00141367 0.00144386 0.00145908
291 0.00139928 0.00138591 0.00140045 0.00142779
296 0.0013599 0.00136122 0.00136097 0.0013995
