10 7.8183e-05 1.91662e-05 7.65167e-05 2.3743e-05
11 0.000501668 0.000114524 0.000491762 0.000141547
12 0.00210844 0.00038438 0.00207771 0.000472091
13 0.0064627 0.00100998 0.0063885 0.00123012
14 0.0153577 0.00211413 0.0152155 0.00255704
15 0.0301171 0.00364132 0.0299007 0.00436891
16 0.0492409 0.00526324 0.0489777 0.00626456
17 0.0673334 0.00652047 0.0670748 0.00772246
18 0.0773471 0.00710424 0.0771375 0.00843979
19 0.0754322 0.00704267 0.0752855 0.0085109
20 0.0639651 0.0066481 0.0638687 0.00831301
21 0.0493877 0.00627925 0.0493207 0.00821659
22 0.0372409 0.00611016 0.037189 0.008347
23 0.0295351 0.00611473 0.0294911 0.00860612
24 0.0253687 0.00614931 0.0253305 0.00878766
25 0.0233058 0.00609212 0.0232767 0.00874489
26 0.022241 0.00591004 0.0222261 0.00846625
27 0.0214061 0.00562634 0.0214108 0.00802311
28 0.0206611 0.00531237 0.0206877 0.00753648
29 0.0200285 0.0050329 0.0200755 0.00710363
30 0.019513 0.00481422 0.0195763 0.00675997
31 0.0190618 0.00464546 0.0191376 0.00648779
32 0.0185982 0.00450317 0.0186842 0.00625256
33 0.01807 0.00436945 0.0181648 0.00602806
34 0.0174452 0.00423547 0.0175484 0.00580127
35 0.0167079 0.00409624 0.0168187 0.00556634
36 0.0158683 0.00395112 0.0159862 0.00532435
37 0.0149661 0.003804 0.0150901 0.00508271
38 0.0140657 0.003662 0.0141949 0.00485225
39 0.0132389 0.00353374 0.013372 0.00464449
40 0.0125305 0.0034247 0.0126665 0.00446599
41 0.0119473 0.00333549 0.012085 0.00431683
42 0.011465 0.0032627 0.0116034 0.00419218
43 0.0110459 0.00320093 0.0111844 0.00408481
44 0.0106582 0.0031457 0.0107961 0.00398851
45 0.0102799 0.00309376 0.0104169 0.00389848
46 0.00989914 0.00304327 0.0100349 0.00381174
47 0.00951398 0.00299409 0.00964821 0.00372764
48 0.00913078 0.00294713 0.00926317 0.00364718
49 0.00876289 0.00290392 0.00889314 0.00357228
50 0.00842315 0.00286494 0.00855096 0.00350371
51 0.00812021 0.00282965 0.00824522 0.00344091
53 0.00761564 0.00276259 0.00773413 0.00332396
55 0.00718154 0.0026884 0.0072928 0.00320403
57 0.00675175 0.00260131 0.00685566 0.00307322
59 0.00631265 0.00250498 0.00640953 0.00293512
61 0.00588871 0.00240632 0.00597911 0.00279756
63 0.00550104 0.00230715 0.00558551 0.00266224
65 0.00515128 0.0022055 0.0052304 0.0025265
67 0.00483041 0.00210144 0.00490473 0.00239017
69 0.00453231 0.00199812 0.00460233 0.00225683
71 0.00426076 0.00189955 0.00432691 0.00213109
73 0.00401805 0.00180712 0.00408045 0.00201433
75 0.00380463 0.00172007 0.00386373 0.00190538
77 0.00362218 0.00163838 0.00367827 0.001804
79 0.00346016 0.0015616 0.00351339 0.00170951
81 0.00331503 0.00149105 0.00336551 0.00162333
83 0.00318842 0.00142788 0.00323623 0.0015466
85 0.00307969 0.0013707 0.00312498 0.00147756
87 0.00298575 0.00131805 0.00302866 0.00141444
89 0.00290191 0.00126916 0.00294252 0.00135624
91 0.00282585 0.0012245 0.00286428 0.00130339
93 0.00275757 0.00118453 0.00279395 0.0012563
95 0.00269692 0.0011487 0.00273137 0.00121422
