19 2.74358e-07 3.66542e-07 2.69597e-07 4.26745e-07
20 4.66483e-06 6.20806e-06 4.62077e-06 7.22979e-06
21 2.01899e-05 2.66241e-05 2.00114e-05 3.1001e-05
22 6.01217e-05 7.90195e-05 5.96019e-05 9.20222e-05
23 0.000140747 0.000185703 0.000139542 0.000216407
24 0.000266963 0.000354429 0.000264665 0.000413391
25 0.000418379 0.000562552 0.000414687 0.000657166
26 0.000555742 0.000764743 0.000550569 0.000895724
27 0.000650327 0.000927663 0.000643736 0.00109083
28 0.000705286 0.00105341 0.000697344 0.00124486
29 0.000746718 0.00116796 0.000737437 0.00138726
30 0.000797288 0.0012924 0.000786698 0.00154145
31 0.000863063 0.0014308 0.000851258 0.00171133
32 0.000938907 0.00157731 0.000926002 0.00188959
33 0.0010206 0.0017287 0.00100665 0.00207245
34 0.00110499 0.00188293 0.00109002 0.0022578
35 0.0011914 0.00204088 0.00117538 0.00244714
36 0.00128057 0.00220559 0.00126348 0.0026445
37 0.00137271 0.00237824 0.00135455 0.00285143
38 0.00146669 0.00255716 0.00144747 0.00306609
39 0.00156051 0.00273854 0.00154024 0.00328397
40 0.00165244 0.00291831 0.00163116 0.00350025
41 0.00174209 0.00309405 0.00171981 0.00371205
42 0.00183028 0.00326488 0.00180699 0.00391818
43 0.00191881 0.00343179 0.00189445 0.00411961
44 0.00200875 0.00359574 0.00198325 0.0043173
45 0.00210057 0.00375842 0.00207385 0.00451321
46 0.00219384 0.00392111 0.00216584 0.0047089
47 0.0022879 0.00408478 0.00225857 0.00490559
48 0.00238296 0.0042507 0.00235229 0.00510488
49 0.00247951 0.0044192 0.0024475 0.00530721
50 0.00257873 0.00459072 0.0025454 0.00551312
51 0.00268157 0.00476562 0.00264691 0.00572306
53 0.00289952 0.00512724 0.00286212 0.00615685
55 0.00312914 0.00550527 0.00308888 0.00660994
57 0.00336239 0.00589631 0.00331924 0.00707841
59 0.00359739 0.00629291 0.00355138 0.00755343
61 0.00383893 0.00668935 0.00379006 0.00802838
63 0.00408922 0.00708394 0.00403738 0.00850123
65 0.00434373 0.00747573 0.00428888 0.00897084
67 0.0045965 0.0078602 0.00453873 0.00943193
69 0.00484679 0.00823071 0.00478624 0.00987681
71 0.00509604 0.00858762 0.00503274 0.0103056
73 0.00534531 0.00894168 0.00527926 0.0107299
75 0.0055911 0.00929769 0.00552239 0.0111547
77 0.00583627 0.00965326 0.00576502 0.011577
79 0.00609025 0.0100035 0.0060164 0.0119913
81 0.00635852 0.0103491 0.0062819 0.0123989
83 0.00663467 0.0106923 0.0065552 0.0128025
85 0.00690583 0.0110288 0.0068236 0.0131976
87 0.00716465 0.0113512 0.0070798 0.0135756
89 0.00741404 0.0116588 0.00732664 0.0139353
91 0.00766275 0.0119594 0.00757278 0.0142853
93 0.00791196 0.0122587 0.00781942 0.0146321
95 0.00815494 0.0125501 0.00805998 0.0149685
97 0.00838772 0.0128226 0.00829051 0.0152824
99 0.00861448 0.0130722 0.00851511 0.0155697
101 0.00884123 0.0133101 0.00873969 0.0158427
106 0.0093789 0.0138889 0.00927238 0.0165014
111 0.00988473 0.0144162 0.009774 0.0170955
116 0.0103541 0.0149026 0.0102394 0.0176365
121 0.0107833 0.0153164 0.0106655 0.0180885
126 0.0111699 0.015671 0.0110496 0.0184653
131 0.0115051 0.0159621 0.011383 0.018762
136 0.0117767 0.0161885 0.0116542 0.0189802
141 0.0119654 0.0162987 0.0118433 0.0190612
146 0.012057 0.0163032 0.0119365 0.0190159
151 0.0120617 0.0161976 0.0119437 0.0188406
156 0.0119735 0.0159889 0.0118592 0.0185431
161 0.0118151 0.0156684 0.0117056 0.0181176
166 0.0115658 0.0152203 0.0114619 0.0175499
171 0.0112398 0.0146758 0.0111422 0.0168742
176 0.0108446 0.0140709 0.0107538 0.0161304
181 0.0103864 0.0134081 0.0103028 0.0153229
186 0.0098669 0.0126657 0.00979099 0.0144318
191 0.0093133 0.0118718 0.00924494 0.0134908
196 0.00873461 0.0110604 0.00867365 0.0125346
201 0.00816778 0.0102663 0.00811388 0.0116027
206 0.00760665 0.00949 0.00755944 0.0106962
211 0.00704427 0.00873128 0.00700348 0.00981405
216 0.00650916 0.00800385 0.00647434 0.00897138
221 0.00598472 0.00730806 0.00595528 0.00817012
226 0.00547007 0.00665239 0.0054455 0.0074193
231 0.00499222 0.0060526 0.00497186 0.00673266
236 0.0045581 0.00549966 0.00454149 0.0061009
241 0.00415746 0.00498113 0.00414403 0.00551186
246 0.00379842 0.00451352 0.00378732 0.00498092
251 0.0034646 0.00409076 0.00345581 0.00450172
256 0.00316357 0.0037094 0.00315708 0.00407072
261 0.00289625 0.00337218 0.00289133 0.00368892
266 0.00265188 0.00307605 0.00264814 0.0033545
271 0.00242775 0.00280998 0.00242517 0.00305515
276 0.00223281 0.00257164 0.00223115 0.00278723
281 0.00206081 0.00236397 0.00205983 0.00255316
286 0.00190058 0.00217931 0.00190022 0.00234428
291 0.00175309 0.00201723 0.00175313 0.00216075
296 0.00162508 0.0018767 0.00162543 0.00200194
301 0.00151999 0.00175518 0.00152062 0.0018637
306 0.00143435 0.00165244 0.00143512 0.00174601
311 0.00135781 0.00156496 0.00135855 0.00164532
316 0.00128817 0.00148517 0.00128886 0.00155306
321 0.00123002 0.00141837 0.00123075 0.00147556
326 0.00118142 0.00136212 0.00118219 0.00141035
331 0.00114095 0.00131392 0.0011418 0.00135419
336 0.00110617 0.00127252 0.00110706 0.00130607
341 0.0010766 0.0012379 0.00107745 0.00126608
346 0.00105156 0.00120904 0.00105239 0.0012325
351 0.00103031 0.00118275 0.00103117 0.0012019
356 0.00101255 0.00115845 0.00101335 0.00117405
361 0.000998339 0.001137 0.000998969 0.00114953
366 0.000987279 0.00111822 0.000987838 0.00112829
371 0.000978315 0.00110163 0.000978874 0.00110984
376 0.000970614 0.00108679 0.000971172 0.00109355
381 0.000964471 0.0010733 0.000965116 0.00107885
386 0.000959515 0.0010603 0.000960198 0.00106474
391 0.000955521 0.00104761 0.000956201 0.00105133
396 0.000951741 0.00103526 0.000952513 0.00103853
401 0.000946932 0.00102296 0.000947747 0.00102582
406 0.000943165 0.00101064 0.000943885 0.00101306
411 0.000940447 0.000998522 0.000941096 0.00100062
416 0.000938453 0.00098675 0.000939111 0.000988649
421 0.000936185 0.000974104 0.00093685 0.000975888
426 0.000932555 0.000959655 0.000933168 0.000961273
431 0.000926149 0.00094245 0.00092673 0.000943919
436 0.000914546 0.000920378 0.000915147 0.000921759
441 0.000894738 0.000890617 0.000895407 0.000891926
446 0.000863844 0.000850886 0.000864579 0.000852154
451 0.000819762 0.000799548 0.000820498 0.000800792
456 0.000761779 0.00073594 0.000762476 0.000737086
461 0.000690394 0.000661028 0.000691019 0.000662014
466 0.000607564 0.000577067 0.000608104 0.000577881
