10 7.87176e-05 1.92455e-05 7.70429e-05 2.38539e-05
11 0.000505544 0.000115096 0.000495583 0.000142336
12 0.00212288 0.000386216 0.00209201 0.000474548
13 0.00649229 0.00101386 0.00641786 0.00123526
14 0.0154004 0.00212005 0.015258 0.00256451
15 0.0301328 0.00364706 0.0299167 0.00437485
16 0.0491298 0.00526385 0.0488681 0.00626107
17 0.066954 0.00650909 0.0666985 0.00769997
18 0.0765974 0.00707382 0.0763922 0.00839099
19 0.0743399 0.00698739 0.0741982 0.00843249
20 0.0626915 0.00656449 0.0626003 0.00820489
21 0.0481208 0.00616532 0.048059 0.00807806
22 0.0360834 0.00596455 0.0360368 0.00817497
23 0.0284788 0.00593642 0.0284403 0.00839582
24 0.0243484 0.00593938 0.0243159 0.00853661
25 0.0222659 0.00585618 0.0222424 0.00845694
26 0.021126 0.00565498 0.0211165 0.00814871
27 0.0201914 0.00535798 0.0202011 0.00768337
28 0.0193332 0.00503394 0.0193643 0.00717933
29 0.0185788 0.00474461 0.0186297 0.00672998
30 0.0179398 0.00451468 0.0180064 0.00636847
31 0.0173675 0.00433341 0.0174459 0.00607706
32 0.0167852 0.00417737 0.016873 0.00582102
33 0.0161438 0.00402987 0.0162396 0.00557569
34 0.0154135 0.00388265 0.0155164 0.00532875
35 0.0145817 0.00373064 0.0146911 0.00507443
36 0.013665 0.00357386 0.0137803 0.00481483
37 0.0127049 0.00341635 0.0128253 0.00455769
38 0.0117656 0.00326567 0.0118901 0.00431457
39 0.010913 0.0031298 0.0110404 0.00409619
40 0.0101885 0.00301394 0.0103178 0.00390874
41 0.00959338 0.00291763 0.0097235 0.00375088
42 0.00910049 0.00283664 0.00923062 0.00361662
43 0.00867288 0.0027655 0.00880243 0.00349853
44 0.00827862 0.0026996 0.00840716 0.00339012
45 0.0078981 0.0026361 0.0080253 0.00328714
46 0.00752126 0.00257371 0.00764683 0.00318728
47 0.00714601 0.00251271 0.00726967 0.00309046
48 0.006778 0.00245453 0.00689947 0.00299826
49 0.00642765 0.00240056 0.00654662 0.00291243
50 0.00610651 0.00235138 0.00622268 0.00283376
51 0.00582114 0.00230616 0.0059342 0.00276131
53 0.00534745 0.00222022 0.0054535 0.0026264
55 0.0049442 0.00212884 0.00504271 0.00249062
57 0.00455797 0.00202748 0.00464886 0.00234767
59 0.00417885 0.00192042 0.00426235 0.00220204
61 0.0038244 0.00181422 0.00390092 0.00206106
63 0.00350423 0.00171013 0.00357426 0.00192558
65 0.00321776 0.00160657 0.00328185 0.00179327
67 0.00296162 0.00150432 0.00302033 0.0016647
69 0.00273137 0.00140575 0.0027852 0.00154255
71 0.00252517 0.00131318 0.00257453 0.00142941
73 0.00233977 0.00122631 0.00238474 0.00132476
75 0.0021735 0.00114333 0.00221463 0.00122627
77 0.00202755 0.00106494 0.00206516 0.00113447
79 0.00189494 0.0009901 0.00192926 0.001048
81 0.00177131 0.000918262 0.00180241 0.000966126
83 0.00165512 0.000849729 0.00168309 0.00088907
85 0.00154703 0.000784437 0.00157213 0.000816655
87 0.00144562 0.00072188 0.00146808 0.000748205
89 0.00134732 0.000660848 0.0013673 0.000682208
91 0.00124977 0.000600309 0.00126732 0.000617341
93 0.00115565 0.000541492 0.00117089 0.000554816
95 0.00106864 0.000486523 0.00108181 0.000496869
