28 3.60716e-08 8.18957e-08 3.46006e-08 9.36874e-08
29 2.11631e-07 4.91634e-07 2.06053e-07 5.62118e-07
30 7.6909e-07 1.82822e-06 7.50131e-07 2.08945e-06
31 2.16258e-06 5.22221e-06 2.10988e-06 5.96843e-06
32 4.98562e-06 1.229e-05 4.86431e-06 1.40588e-05
33 9.74832e-06 2.45296e-05 9.51187e-06 2.80948e-05
34 1.66753e-05 4.2848e-05 1.62753e-05 4.91714e-05
35 2.57091e-05 6.73542e-05 2.51062e-05 7.74993e-05
36 3.66435e-05 9.75661e-05 3.58139e-05 0.00011261
37 4.92e-05 0.00013263 4.81348e-05 0.00015356
38 6.30512e-05 0.000171612 6.17516e-05 0.000199265
39 7.77858e-05 0.000213548 7.62598e-05 0.000248575
40 9.30287e-05 0.000257678 9.12881e-05 0.000300581
41 0.000108577 0.000303481 0.000106634 0.000354642
42 0.000124364 0.000350493 0.000122228 0.000410173
43 0.000140343 0.000398203 0.000138022 0.000466564
44 0.000156583 0.000446337 0.000154075 0.000523463
45 0.000173081 0.000494703 0.000170379 0.000580626
46 0.000189692 0.000542996 0.000186789 0.000637676
47 0.000206195 0.000590915 0.000203084 0.00069425
48 0.000222428 0.000638317 0.000219104 0.000750167
49 0.000238377 0.00068532 0.000234839 0.00080557
50 0.000254311 0.000732313 0.000250554 0.000860891
51 0.000270752 0.000780083 0.000266772 0.000917033
53 0.000307139 0.00088087 0.000302675 0.00103515
55 0.000348979 0.00099138 0.000343971 0.00116434
57 0.000393808 0.00111039 0.000388215 0.00130347
59 0.000439406 0.00123448 0.00043322 0.00144871
61 0.00048656 0.00136299 0.000479767 0.00159921
63 0.000536714 0.00149749 0.00052927 0.00175675
65 0.000590042 0.00163956 0.000581882 0.0019232
67 0.00064601 0.00178909 0.00063708 0.00209838
69 0.000704913 0.00194476 0.000695171 0.00228071
71 0.000768551 0.00210733 0.000757943 0.00247103
73 0.000837351 0.00227778 0.000825805 0.00267046
75 0.000910145 0.00245668 0.000897598 0.00287968
77 0.000985946 0.00264312 0.000972353 0.00309751
79 0.00106535 0.00283652 0.00105067 0.00332325
81 0.00114977 0.00303771 0.00113395 0.00355788
83 0.00123863 0.00324669 0.00122161 0.00380151
85 0.00132985 0.00346153 0.0013116 0.00405191
87 0.0014231 0.00368005 0.0014036 0.0043065
89 0.00152146 0.00390369 0.00150065 0.0045669
91 0.00162727 0.00413598 0.00160507 0.00483706
93 0.00173975 0.00437971 0.00171606 0.00512004
95 0.00185598 0.00463291 0.00183075 0.00541353
97 0.00197512 0.00489205 0.00194833 0.00571362
99 0.00209865 0.00515377 0.00207024 0.00601671
101 0.0022269 0.00541639 0.0021968 0.00632114
106 0.00254422 0.00606465 0.00250981 0.00707508
111 0.00286239 0.00671025 0.00282348 0.00782628
116 0.00321836 0.00737902 0.00317488 0.00860111
121 0.00358769 0.00807172 0.00353957 0.0094003
126 0.00395637 0.00875735 0.0039033 0.0101898
131 0.00432102 0.00939605 0.00426332 0.0109257
136 0.0046809 0.0100007 0.00461856 0.0116208
141 0.00503934 0.0105677 0.00497251 0.0122703
146 0.00538059 0.0110887 0.00530968 0.012866
151 0.00569863 0.0115599 0.00562387 0.0134022
156 0.00600447 0.0119948 0.005926 0.0138942
161 0.00629585 0.0123999 0.00621394 0.0143472
166 0.00656229 0.0127749 0.00647756 0.0147606
171 0.00681162 0.0131043 0.00672448 0.0151192
176 0.00702767 0.0133686 0.00693847 0.0154013
181 0.0072242 0.0135805 0.00713361 0.0156203
186 0.00739171 0.0137503 0.0073005 0.0157871
191 0.00752885 0.0138773 0.0074374 0.015901
196 0.00761299 0.0139066 0.00752199 0.0159036
201 0.00765351 0.0138526 0.00756387 0.0158109
206 0.00764235 0.0137223 0.00755476 0.0156318
211 0.00759341 0.0135215 0.00750851 0.0153727
216 0.00750566 0.013274 0.00742406 0.0150594
221 0.00737198 0.0129613 0.00729421 0.0146738
226 0.00718307 0.0125646 0.00710961 0.0141968
231 0.00697511 0.0121169 0.00690603 0.0136645
236 0.00673203 0.0116232 0.00666759 0.013084
241 0.00646514 0.0110779 0.00640554 0.0124487
246 0.00618409 0.0105089 0.00612949 0.0117897
251 0.00586914 0.00990125 0.00581958 0.011091
256 0.00555913 0.00928836 0.00551431 0.0103901
261 0.00524675 0.00868748 0.00520646 0.00970524
266 0.00491364 0.00809093 0.00487768 0.00902886
271 0.00458594 0.00750405 0.00455443 0.00836536
276 0.00428123 0.00694565 0.00425391 0.00773502
281 0.00398616 0.00642095 0.00396246 0.00714375
286 0.00370466 0.00593639 0.00368416 0.00659765
291 0.00343435 0.00547087 0.00341677 0.00607452
296 0.0031771 0.00503272 0.00316226 0.00558373
301 0.00293243 0.00461858 0.00292026 0.00511993
306 0.00270641 0.00422899 0.00269665 0.00468359
311 0.00250184 0.00387615 0.00249386 0.00428808
316 0.00231143 0.00355146 0.0023049 0.0039243
321 0.00213222 0.00325136 0.00212709 0.00358886
326 0.00196945 0.00298185 0.00196547 0.00328656
331 0.00182271 0.00273644 0.00181966 0.00301022
336 0.00169249 0.00251802 0.00169007 0.00276372
341 0.00157254 0.00232133 0.00157074 0.00254048
346 0.00145514 0.00214084 0.00145409 0.00233452
351 0.00134767 0.00198184 0.00134725 0.00215186
356 0.00125454 0.00184392 0.00125447 0.00199212
361 0.00117398 0.00172198 0.001174 0.00185051
366 0.00110633 0.0016146 0.00110641 0.00172508
371 0.00104747 0.00152233 0.00104765 0.00161643
376 0.000993534 0.00143923 0.000993809 0.00151861
381 0.000946068 0.00136608 0.000946408 0.00143246
386 0.000906759 0.00130569 0.00090718 0.00136119
391 0.000872724 0.0012533 0.000873128 0.00129981
396 0.000842383 0.00120806 0.000842756 0.00124691
401 0.000815554 0.00116851 0.000815957 0.00120035
406 0.00079266 0.00113393 0.000793033 0.00115978
411 0.000774101 0.00110515 0.000774426 0.00112629
416 0.000757528 0.00107909 0.000757887 0.00109604
421 0.000742702 0.00105499 0.000743153 0.00106846
426 0.000730992 0.00103333 0.00073151 0.00104414
431 0.000721558 0.00101406 0.000722048 0.00102279
436 0.000713994 0.000997252 0.000714433 0.00100421
441 0.00070785 0.000982342 0.000708301 0.000987856
446 0.000702766 0.000968449 0.00070326 0.000972821
451 0.000698767 0.000955806 0.00069927 0.000959158
456 0.000695795 0.000944276 0.000696294 0.000946871
461 0.000693744 0.000933263 0.000694197 0.000935355
466 0.000691117 0.00092191 0.000691572 0.000923597
471 0.000688008 0.000910096 0.000688451 0.000911434
476 0.000686253 0.000899016 0.000686652 0.000900195
481 0.000685187 0.000888844 0.000685584 0.000889902
486 0.000684612 0.000879219 0.000685016 0.000880129
491 0.00068451 0.000869963 0.000684911 0.000870812
496 0.000684658 0.00086079 0.000685079 0.000861613
501 0.000685027 0.000851651 0.000685481 0.000852427
506 0.000685686 0.000842391 0.000686154 0.000843122
511 0.000686354 0.000832834 0.000686829 0.000833582
516 0.000686618 0.000822583 0.000687125 0.000823361
521 0.000685696 0.000810844 0.000686235 0.000811632
526 0.000682146 0.000796371 0.000682692 0.00079715
531 0.000673975 0.000777175 0.000674513 0.000777916
536 0.000658921 0.000750784 0.000659451 0.00075148
541 0.000635108 0.000715397 0.00063564 0.000716027
546 0.000601221 0.000669774 0.000601761 0.000670311
551 0.000556919 0.000613798 0.000557479 0.000614276
556 0.00050278 0.000548332 0.000503333 0.000548786
561 0.000440621 0.00047572 0.000441099 0.000476128
