22 5.0085e-07 7.79961e-07 4.96256e-07 9.03954e-07
23 2.33381e-06 3.64355e-06 2.31218e-06 4.21936e-06
24 7.4554e-06 1.17048e-05 7.38363e-06 1.35513e-05
25 1.86153e-05 2.9482e-05 1.8427e-05 3.41288e-05
26 3.83573e-05 6.1579e-05 3.79448e-05 7.13082e-05
27 6.60574e-05 0.000108154 6.52907e-05 0.000125352
28 0.000100545 0.000169189 9.92723e-05 0.000196442
29 0.000137989 0.000240536 0.000136081 0.000280078
30 0.00017647 0.000320263 0.000173843 0.00037433
31 0.000215487 0.000406945 0.000212123 0.000477634
32 0.000254525 0.000497591 0.000250466 0.000586262
33 0.000293976 0.000590994 0.000289284 0.000698459
34 0.000334153 0.00068571 0.000328871 0.000812139
35 0.000375691 0.000781098 0.000369834 0.000926295
36 0.000419534 0.000878637 0.0004131 0.00104265
37 0.000465955 0.000980108 0.000458936 0.00116344
38 0.00051323 0.001084 0.000505643 0.00128699
39 0.000561703 0.00119257 0.000553552 0.00141605
40 0.000609844 0.00130311 0.00060115 0.00154755
41 0.000657096 0.00141328 0.000647881 0.00167874
42 0.000703263 0.0015211 0.00069354 0.00180732
43 0.000749005 0.00162636 0.000738765 0.00193293
44 0.0007945 0.00172926 0.000783722 0.00205576
45 0.000839782 0.00183062 0.000828442 0.0021767
46 0.000884279 0.0019305 0.000872354 0.00229579
47 0.000927592 0.00202952 0.00091507 0.00241377
48 0.000969307 0.0021276 0.000956191 0.00253056
49 0.00101025 0.00222579 0.000996539 0.00264741
50 0.00105173 0.00232557 0.00103743 0.00276614
51 0.00109477 0.00242703 0.00107988 0.0028868
53 0.00118926 0.0026383 0.00117311 0.00313777
55 0.00129555 0.00286395 0.00127798 0.00340547
57 0.00141038 0.00310429 0.00139126 0.00369036
59 0.00153026 0.00335392 0.00150952 0.0039862
61 0.00165569 0.00360884 0.00163331 0.00428817
63 0.00178678 0.00387039 0.00176271 0.00459774
65 0.00192048 0.00413866 0.0018947 0.00491496
67 0.00205528 0.00441347 0.00202783 0.00523965
69 0.00219141 0.00469102 0.0021623 0.00556729
71 0.00233257 0.00497273 0.00230174 0.00589952
73 0.00247914 0.00525773 0.00244645 0.00623518
75 0.00263005 0.00554599 0.00259539 0.00657422
77 0.00278299 0.00583383 0.00274635 0.00691249
79 0.00293807 0.00611817 0.0028995 0.00724669
81 0.00309545 0.00639897 0.00305497 0.00757697
83 0.00325309 0.00667827 0.00321068 0.00790562
85 0.00340715 0.00695483 0.00336288 0.00823099
87 0.00355725 0.00722598 0.00351119 0.00854986
89 0.00370733 0.00749081 0.00365946 0.00886113
91 0.00386108 0.00775393 0.00381129 0.00917004
93 0.00401877 0.00802165 0.00396697 0.00948347
95 0.00417784 0.00829411 0.00412405 0.00980131
97 0.0043392 0.00856861 0.00428345 0.0101204
99 0.00450453 0.00884141 0.0044468 0.0104368
101 0.00467394 0.00911213 0.00461419 0.0107503
106 0.00508924 0.00977376 0.00502462 0.011515
111 0.00548264 0.0103938 0.00541349 0.0122295
116 0.00586865 0.0109717 0.00579492 0.0128924
121 0.0062334 0.0115034 0.00615543 0.0134989
126 0.00656045 0.0119939 0.00647863 0.0140555
131 0.0068737 0.0124284 0.00678809 0.0145455
136 0.00717536 0.0128364 0.00708627 0.0150016
141 0.00744747 0.0132003 0.00735535 0.015404
146 0.00768406 0.0135158 0.00758936 0.015749
151 0.00789553 0.0137903 0.0077986 0.0160442
156 0.00807213 0.0140262 0.00797341 0.016292
161 0.00822942 0.0142273 0.0081295 0.016495
166 0.00837105 0.0143991 0.00827035 0.0166605
171 0.00847674 0.0145162 0.00837589 0.0167611
176 0.00854716 0.0145818 0.00844662 0.0168011
181 0.00856672 0.0145831 0.00846718 0.0167674
186 0.00852768 0.0145075 0.00842993 0.0166469
191 0.00846517 0.0143746 0.00836942 0.016461
196 0.00837466 0.0142089 0.00828125 0.0162367
201 0.00825416 0.0139938 0.0081637 0.0159574
206 0.00810034 0.0137298 0.00801329 0.0156239
211 0.00792518 0.0134325 0.00784174 0.0152541
216 0.00772699 0.0131021 0.00764745 0.0148488
221 0.00749674 0.0127281 0.00742133 0.0143975
226 0.0072459 0.0123216 0.00717465 0.0139124
231 0.00699349 0.0119019 0.00692636 0.0134151
236 0.00672632 0.0114599 0.0066633 0.0128961
241 0.00645871 0.0110018 0.00639976 0.0123614
246 0.00618905 0.0105375 0.0061342 0.0118222
251 0.00590418 0.0100575 0.00585342 0.0112684
256 0.00562442 0.0095793 0.00557751 0.0107196
261 0.0053583 0.00911898 0.00531497 0.0101928
266 0.00508821 0.00867397 0.00504818 0.00968564
271 0.00482652 0.00823274 0.00478989 0.00918517
276 0.00458482 0.00780633 0.00455158 0.00870266
281 0.00434186 0.00739089 0.00431164 0.00823414
286 0.00409862 0.00699692 0.0040712 0.00779031
291 0.0038683 0.00663024 0.0038435 0.00737688
296 0.00365053 0.00627775 0.00362814 0.00698086
301 0.00344727 0.00593949 0.00342705 0.0066028
306 0.00325735 0.00562101 0.00323914 0.00624707
311 0.00307401 0.00531676 0.00305788 0.00590748
316 0.00289989 0.00502275 0.00288577 0.00558082
321 0.00273313 0.00473749 0.00272065 0.00526456
326 0.00257347 0.00446294 0.00256239 0.00495933
331 0.00242387 0.00420922 0.00241416 0.00467691
336 0.00228503 0.00398194 0.00227662 0.00442432
341 0.00215702 0.00376589 0.0021497 0.00418425
346 0.00204254 0.00356228 0.00203606 0.00395659
351 0.00193196 0.00337348 0.00192623 0.00374462
356 0.00182589 0.00319555 0.00182096 0.00354503
361 0.00172938 0.00302608 0.00172521 0.00335408
366 0.00164108 0.00286813 0.00163755 0.00317498
371 0.001557 0.00272293 0.00155405 0.00301014
376 0.0014797 0.00258888 0.0014772 0.0028576
381 0.00140772 0.00246354 0.00140556 0.00271407
386 0.00133879 0.00234513 0.0013369 0.00257742
391 0.00127225 0.0022317 0.00127061 0.00244645
396 0.00120771 0.002124 0.00120616 0.00232237
401 0.00114697 0.00202448 0.00114542 0.00220717
406 0.00109224 0.00193348 0.00109091 0.00210132
411 0.0010417 0.00184966 0.00104073 0.0020039
416 0.000993644 0.0017706 0.000992915 0.00191229
421 0.000948893 0.00169688 0.000948244 0.00182684
426 0.000906649 0.00162792 0.000906076 0.00174678
431 0.000866024 0.00156109 0.000865511 0.00166937
436 0.000827082 0.001498 0.000826594 0.00159597
441 0.000792049 0.00144243 0.000791584 0.00153106
446 0.000762113 0.00139376 0.000761632 0.00147451
451 0.000734326 0.00134739 0.000733836 0.00142089
456 0.000707783 0.00130197 0.00070735 0.00136858
461 0.000681856 0.00125847 0.000681502 0.00131843
466 0.000657624 0.00121757 0.000657327 0.00127132
471 0.000635695 0.0011796 0.000635413 0.00122791
476 0.000615984 0.00114465 0.000615709 0.00118795
481 0.000597743 0.00111286 0.000597525 0.00115138
486 0.000579659 0.0010847 0.000579524 0.00111887
491 0.000562255 0.00105954 0.000562116 0.00108988
496 0.00054647 0.00103434 0.000546301 0.00106153
501 0.000532335 0.00100999 0.000532176 0.00103456
506 0.000519345 0.000987523 0.000519208 0.00100973
