63 8.33213e-11 4.54326e-10 7.24137e-11 4.54326e-10
65 1.08028e-09 6.89013e-09 1.06937e-09 6.89013e-09
67 3.27999e-09 2.1402e-08 3.26908e-09 2.1402e-08
69 7.00289e-09 4.5548e-08 6.99198e-09 4.5548e-08
71 1.27143e-08 8.21429e-08 1.27034e-08 8.21429e-08
73 2.08694e-08 1.34141e-07 2.08585e-08 1.34141e-07
75 3.19589e-08 2.04576e-07 3.1948e-08 2.04576e-07
77 4.66078e-08 2.97366e-07 4.65969e-08 2.97366e-07
79 6.528e-08 4.15521e-07 6.52691e-08 4.15521e-07
81 8.82442e-08 5.60674e-07 8.82333e-08 5.60674e-07
83 1.15569e-07 7.33042e-07 1.15558e-07 7.33042e-07
85 1.47144e-07 9.3183e-07 1.47134e-07 9.3183e-07
87 1.82551e-07 1.15432e-06 1.8254e-07 1.15432e-06
89 2.21437e-07 1.39824e-06 2.21426e-07 1.39824e-06
91 2.63481e-07 1.66169e-06 2.6347e-07 1.66169e-06
93 3.08253e-07 1.942e-06 3.08242e-07 1.942e-06
95 3.55396e-07 2.23724e-06 3.55385e-07 2.23724e-06
97 4.04638e-07 2.54583e-06 4.04627e-07 2.54583e-06
99 4.55787e-07 2.8666e-06 4.55776e-07 2.8666e-06
101 5.09274e-07 3.20186e-06 5.09263e-07 3.20186e-06
106 6.51351e-07 4.09222e-06 6.5134e-07 4.09222e-06
111 8.06113e-07 5.06051e-06 8.06102e-07 5.06051e-06
116 9.7491e-07 6.11473e-06 9.74899e-07 6.11473e-06
121 1.15853e-06 7.2593e-06 1.15852e-06 7.2593e-06
126 1.3579e-06 8.50074e-06 1.35789e-06 8.50074e-06
131 1.57506e-06 9.87013e-06 1.57512e-06 9.8718e-06
136 1.83617e-06 1.15838e-05 1.8378e-06 1.16066e-05
141 2.17024e-06 1.36273e-05 2.17623e-06 1.36958e-05
146 2.53232e-06 1.59641e-05 2.54209e-06 1.60993e-05
151 2.92926e-06 1.87894e-05 2.94212e-06 1.90241e-05
156 3.38836e-06 2.21085e-05 3.40357e-06 2.24816e-05
161 3.93916e-06 2.61025e-05 3.95776e-06 2.66765e-05
166 4.61288e-06 3.09872e-05 4.63259e-06 3.18399e-05
171 5.4005e-06 3.64098e-05 5.42195e-06 3.76054e-05
176 6.29156e-06 4.23446e-05 6.31322e-06 4.39528e-05
181 7.3269e-06 4.93979e-05 7.34593e-06 5.1537e-05
186 8.61616e-06 5.78104e-05 8.62798e-06 6.06166e-05
191 1.03378e-05 6.83894e-05 1.03395e-05 7.20556e-05
196 1.23696e-05 8.16385e-05 1.23576e-05 8.63849e-05
201 1.45654e-05 9.77212e-05 1.45387e-05 0.000103829
206 1.69459e-05 0.000115038 1.69007e-05 0.000122686
211 2.0023e-05 0.000134847 1.99468e-05 0.000144288
216 2.37374e-05 0.000159233 2.36201e-05 0.000170844
221 2.79233e-05 0.000188492 2.77556e-05 0.000202696
226 3.28136e-05 0.000221148 3.25845e-05 0.000238333
231 3.82056e-05 0.000256606 3.79139e-05 0.000277059
236 4.43088e-05 0.000297087 4.39424e-05 0.000321261
241 5.09842e-05 0.000340103 5.05391e-05 0.000368341
246 5.89367e-05 0.000389021 5.83882e-05 0.000421797
251 6.78571e-05 0.000446284 6.71921e-05 0.000484264
256 7.76169e-05 0.000510558 7.68383e-05 0.000554355
261 8.93165e-05 0.000581823 8.83954e-05 0.000631976
266 0.000102933 0.000661621 0.000101833 0.000718795
271 0.000117697 0.000746469 0.000116392 0.000811101
276 0.000134377 0.000841023 0.000132835 0.000913858
281 0.000152655 0.000945864 0.000150857 0.00102759
286 0.000171519 0.00105865 0.000169476 0.00114986
291 0.000191878 0.00117495 0.000189561 0.00127609
296 0.000214515 0.00129487 0.000211894 0.00140647
301 0.000238436 0.00142192 0.000235493 0.00154448
306 0.000263732 0.00155402 0.000260451 0.00168793
311 0.000290236 0.00169305 0.000286606 0.00183876
316 0.00031638 0.00183556 0.000312396 0.00199337
321 0.000343301 0.00197648 0.000338942 0.0021464
326 0.000371104 0.00211707 0.000366354 0.00229922
331 0.000400426 0.00225858 0.000395271 0.00245309
336 0.000430069 0.00240237 0.00042452 0.00260941
341 0.000460292 0.00254903 0.000454329 0.00276867
346 0.000491125 0.00269305 0.000484721 0.00292522
351 0.000522455 0.00283651 0.000515601 0.00308121
356 0.000553965 0.00298044 0.000546688 0.0032376
361 0.000585095 0.003126 0.000577385 0.00339542
366 0.00061598 0.0032717 0.00060781 0.00355334
371 0.000648106 0.00341499 0.000639488 0.00370875
376 0.00067944 0.00355199 0.00067041 0.00385746
381 0.000708387 0.00367514 0.000698971 0.00399151
386 0.000735554 0.00378957 0.000725774 0.00411633
391 0.000761338 0.00389243 0.000751199 0.00422904
396 0.000786099 0.00398816 0.000775633 0.00433409
401 0.000811271 0.0040784 0.000800494 0.00443316
406 0.000836752 0.00416086 0.000825667 0.004524
411 0.000861442 0.0042395 0.000850043 0.00461052
416 0.000883746 0.0043145 0.000872073 0.00469304
421 0.000903321 0.00437993 0.000891418 0.00476558
426 0.000921662 0.00444207 0.000909547 0.0048345
431 0.000938835 0.00450244 0.000926534 0.00490111
436 0.000955222 0.00455608 0.000942767 0.00496034
441 0.000970353 0.0045989 0.000957767 0.00500828
446 0.000984197 0.00463704 0.000971519 0.00505132
451 0.000996438 0.00467359 0.00098371 0.00509254
456 0.00100604 0.00470333 0.000993302 0.00512644
461 0.00101605 0.00472813 0.00100332 0.00515504
466 0.0010261 0.00474931 0.00101339 0.0051798
471 0.00103313 0.00476193 0.00102046 0.00519551
476 0.00103939 0.00477075 0.00102679 0.00520725
481 0.00104714 0.00478205 0.00103461 0.00522156
486 0.00105258 0.00478704 0.00104018 0.00522917
491 0.00105612 0.00478304 0.00104388 0.00522726
496 0.00105853 0.00477523 0.00104647 0.00522135
501 0.00106019 0.00476854 0.00104832 0.0052164
506 0.00106119 0.00476078 0.00104955 0.00521017
511 0.00106165 0.00475043 0.00105028 0.00520103
516 0.00106051 0.0047316 0.00104943 0.0051829
521 0.00105956 0.00470854 0.00104877 0.0051602
526 0.00105847 0.00468591 0.00104799 0.0051376
531 0.00105515 0.00465807 0.00104497 0.0051092
536 0.00104928 0.00462403 0.0010394 0.00507401
541 0.00104323 0.00458891 0.00103368 0.00503711
546 0.00103704 0.00455053 0.00102784 0.00499609
551 0.00102711 0.0045002 0.00101826 0.00494207
556 0.00101354 0.00443993 0.00100506 0.0048769
561 0.00100086 0.00437516 0.000992728 0.00480614
566 0.0009896 0.00431188 0.000981814 0.00473613
571 0.000978553 0.00424686 0.000971108 0.00466372
576 0.000966494 0.00417669 0.000959392 0.00458541
581 0.000953138 0.00410559 0.000946382 0.00450556
586 0.00093887 0.00404041 0.00093244 0.00443139
591 0.0009222 0.00397056 0.000916077 0.00435198
596 0.000903331 0.00388703 0.000897492 0.00425793
601 0.000884632 0.00380128 0.000879069 0.00416131
606 0.000866987 0.00371906 0.000861703 0.00406838
611 0.000849326 0.00363174 0.000844302 0.00396992
616 0.00083247 0.00354381 0.000827684 0.00387052
621 0.000817019 0.00346576 0.000812434 0.00378135
626 0.000800781 0.00339292 0.000796368 0.00369763
631 0.000781562 0.00331377 0.000777328 0.00360732
636 0.000760599 0.00322664 0.000756562 0.00350864
641 0.00074112 0.00313752 0.000737277 0.00340787
646 0.0007234 0.00305272 0.000719738 0.00331182
651 0.000706435 0.00297429 0.000702933 0.00322243
656 0.000689648 0.00289967 0.000686299 0.00313696
661 0.000671936 0.00282183 0.000668765 0.00304816
666 0.000652961 0.0027382 0.000649975 0.00295348
671 0.000634628 0.00265537 0.000631793 0.00285988
676 0.000617615 0.00257751 0.000614901 0.00277174
681 0.000599537 0.00250113 0.000596951 0.00268547
686 0.000580341 0.00242699 0.000577912 0.00260171
691 0.000563193 0.00235711 0.000560913 0.00252249
696 0.000548613 0.00228789 0.000546464 0.00244419
701 0.000533915 0.0022164 0.000531886 0.00236378
706 0.000518083 0.00214276 0.000516159 0.00228141
711 0.000502495 0.0020718 0.000500667 0.00220211
716 0.000488204 0.00200808 0.000486468 0.00213058
721 0.000474715 0.001946 0.000473054 0.00206103
726 0.000461114 0.00188033 0.00045951 0.00198806
731 0.000448717 0.00181856 0.00044717 0.0019194
736 0.000437338 0.00176327 0.00043586 0.00185781
741 0.000424697 0.00170826 0.000423294 0.00179671
746 0.000411572 0.00165347 0.000410249 0.00173588
751 0.000399579 0.00160173 0.000398326 0.00167837
756 0.000387931 0.00155161 0.000386727 0.00162289
761 0.000376273 0.0015029 0.000375116 0.00156922
766 0.000364899 0.00145491 0.000363801 0.00151665
771 0.000353448 0.00140818 0.000352412 0.00146563
776 0.000341556 0.00136177 0.000340578 0.00141515
781 0.000330189 0.00131654 0.000329255 0.00136598
786 0.00031959 0.00127454 0.000318689 0.00132022
791 0.000309322 0.00123402 0.000308464 0.00127609
796 0.000299447 0.0011919 0.000298644 0.00123048
801 0.000289832 0.00114973 0.000289081 0.001185
806 0.000280791 0.00111154 0.000280076 0.00114377
811 0.00027225 0.0010772 0.000271559 0.0011067
816 0.000264156 0.00104368 0.000263482 0.00107066
821 0.00025637 0.00100833 0.000255722 0.00103279
826 0.000248673 0.00097075 0.000248056 0.000992718
831 0.000241183 0.000935616 0.000240602 0.000955334
836 0.000234282 0.000904005 0.000233737 0.000921694
841 0.000227762 0.000874111 0.000227235 0.000889846
846 0.000221357 0.000846835 0.000220835 0.000860769
851 0.000214965 0.000821303 0.00021446 0.00083361
856 0.000208513 0.000796106 0.000208032 0.000806888
861 0.000202123 0.000771373 0.000201655 0.000780727
866 0.000196309 0.000748067 0.000195861 0.000756144
871 0.000190876 0.00072588 0.000190462 0.000732728
876 0.000185642 0.000704905 0.000185268 0.000710499
881 0.000180463 0.000684689 0.000180126 0.00068916
886 0.000175632 0.000665018 0.000175313 0.000668568
