11 2.09952e-06 3.1825e-06 1.9752e-06 3.73422e-06
12 4.66211e-05 3.27645e-05 4.53501e-05 3.85183e-05
13 0.000437749 0.00015906 0.000432677 0.000188062
14 0.00175795 0.000513641 0.0017435 0.000608074
15 0.00509016 0.00129957 0.00505714 0.00154165
16 0.0116655 0.00268994 0.0116038 0.00319759
17 0.0217934 0.00465402 0.0216969 0.00554553
18 0.0336682 0.00684602 0.0335388 0.00818312
19 0.0435776 0.00872232 0.0434234 0.0104724
20 0.0481361 0.00987317 0.047966 0.0119288
21 0.0466534 0.0102797 0.0464718 0.0125234
22 0.0413778 0.0102699 0.0411852 0.012633
23 0.0355665 0.0102386 0.0353619 0.012714
24 0.0313931 0.010394 0.0311778 0.0130044
25 0.0293066 0.0107102 0.0290854 0.0134674
26 0.0288851 0.0110612 0.0286656 0.0139505
27 0.0294047 0.0113348 0.0291947 0.0143204
28 0.0304481 0.0115158 0.0302522 0.0145651
29 0.0317586 0.011646 0.0315775 0.0147419
30 0.0331999 0.0117757 0.0330319 0.0149167
31 0.034689 0.011934 0.0345318 0.0151277
32 0.0361535 0.0121155 0.0360062 0.015369
33 0.0375397 0.0122999 0.0374025 0.0156153
34 0.0387905 0.0124664 0.0386646 0.0158398
35 0.039838 0.012601 0.0397248 0.0160239
36 0.0406113 0.0126959 0.0405115 0.016157
37 0.0410865 0.0127518 0.0410003 0.0162389
38 0.0412888 0.0127725 0.0412157 0.0162736
39 0.0412911 0.0127673 0.0412299 0.016272
40 0.0411649 0.0127467 0.0411142 0.0162466
41 0.0409487 0.0127199 0.040907 0.0162092
42 0.0406534 0.0126944 0.0406192 0.0161694
43 0.0402778 0.0126742 0.0402498 0.0161335
44 0.0398188 0.0126582 0.0397959 0.0161006
45 0.0392832 0.0126408 0.0392648 0.0160641
46 0.0386854 0.0126148 0.0386709 0.0160153
47 0.0380432 0.0125739 0.0380324 0.0159468
48 0.0373782 0.0125166 0.0373709 0.0158566
49 0.0367013 0.0124432 0.0366974 0.0157452
50 0.0360198 0.0123567 0.036019 0.0156161
51 0.0353292 0.0122588 0.0353313 0.0154718
53 0.0338986 0.0120344 0.0339055 0.0151449
55 0.0323647 0.0117685 0.0323751 0.0147639
57 0.030728 0.0114515 0.0307416 0.0143181
59 0.029049 0.0110834 0.0290661 0.0138092
61 0.0274105 0.0106826 0.0274316 0.0132608
63 0.0258266 0.0102631 0.0258519 0.0126906
65 0.0242891 0.00983113 0.0243186 0.012107
67 0.0227971 0.00938868 0.0228306 0.0115129
69 0.0213713 0.00894205 0.0214088 0.0109172
71 0.0200405 0.00850496 0.0200819 0.010337
73 0.0188017 0.00808524 0.0188464 0.00978175
75 0.0176287 0.00768174 0.0176759 0.00925027
77 0.0165368 0.00729845 0.016586 0.00874726
79 0.0155279 0.00693334 0.0155787 0.00827045
81 0.0146026 0.00658997 0.0146547 0.00782395
83 0.0137508 0.00626999 0.0138036 0.00740933
85 0.0129619 0.00597165 0.0130149 0.00702433
87 0.0122256 0.00569098 0.0122784 0.006664
89 0.01154 0.00542577 0.0115923 0.00632545
91 0.0109101 0.00517694 0.0109619 0.00600949
93 0.0103351 0.00494513 0.0103861 0.00571639
95 0.00980872 0.00472945 0.00985865 0.00544481
97 0.00932107 0.00452705 0.00936986 0.00519113
99 0.00886778 0.00433637 0.00891536 0.00495336
101 0.0084502 0.00415712 0.00849658 0.00473095
106 0.00754785 0.003755 0.0075911 0.00423615
111 0.0067766 0.00339624 0.00681646 0.00380103
116 0.00611272 0.00307279 0.00614916 0.00341414
121 0.00554138 0.00278805 0.00557441 0.00307686
126 0.00505396 0.00254165 0.00508383 0.00278709
131 0.004629 0.00232867 0.00465592 0.00253793
136 0.00425507 0.00214601 0.00427912 0.00232416
141 0.00392304 0.00198791 0.00394442 0.00213997
146 0.00362677 0.00184741 0.00364587 0.00197769
151 0.0033678 0.00172961 0.00338488 0.0018418
156 0.0031373 0.00163239 0.00315272 0.00172944
161 0.00293557 0.00154952 0.00294941 0.00163381
166 0.00275846 0.00147698 0.00277071 0.00155016
171 0.00260482 0.00141563 0.00261571 0.00147955
176 0.00247304 0.00136523 0.00248293 0.00142139
181 0.00235821 0.00132423 0.00236718 0.00137354
186 0.00226233 0.00129099 0.00227022 0.00133384
191 0.0021805 0.00126383 0.00218735 0.00130093
