10 1.50073e-06 9.04722e-07 1.44643e-06 1.06536e-06
11 6.66462e-05 3.01661e-05 6.46883e-05 3.56856e-05
12 0.000455301 0.000145921 0.000446453 0.000173113
13 0.00204097 0.00048426 0.00201483 0.000575151
14 0.00616528 0.00123919 0.00610426 0.00147308
15 0.0147414 0.00257869 0.0146269 0.00307031
16 0.028803 0.00446644 0.0286284 0.00532839
17 0.0466018 0.00656893 0.0463811 0.00785981
18 0.0628931 0.00836655 0.0626553 0.0100586
19 0.0716166 0.00946168 0.071388 0.0114623
20 0.0701945 0.00982719 0.0699859 0.0120407
21 0.0612926 0.00977866 0.0611006 0.0121582
22 0.0503463 0.00970903 0.0501618 0.0122623
23 0.0416328 0.00981992 0.0414499 0.0125702
24 0.0364788 0.0100782 0.0362966 0.0130218
25 0.0341727 0.0103189 0.033996 0.0134071
26 0.0335505 0.0104162 0.0333877 0.0135734
27 0.0336957 0.0103478 0.0335544 0.0135045
28 0.0341532 0.0101778 0.0340368 0.013294
29 0.0347529 0.00999337 0.0346605 0.0130602
30 0.0354169 0.0098503 0.0353453 0.0128781
31 0.0360667 0.00975641 0.0360129 0.0127584
32 0.0366271 0.00968835 0.0365895 0.012671
33 0.0370461 0.00962062 0.0370245 0.0125826
34 0.0372776 0.00953735 0.0372721 0.0124719
35 0.0372706 0.00943149 0.0372812 0.0123292
36 0.0369897 0.00930119 0.0370159 0.0121518
37 0.0364477 0.00914966 0.0364884 0.0119443
38 0.0357106 0.00898386 0.0357642 0.0117158
39 0.0348736 0.00881437 0.0349382 0.0114798
40 0.0340127 0.00865146 0.0340866 0.0112493
41 0.0331672 0.00850358 0.0332483 0.0110354
42 0.0323411 0.00837501 0.0324279 0.010844
43 0.0315216 0.00826492 0.0316125 0.0106749
44 0.0306903 0.008168 0.0307842 0.010522
45 0.0298362 0.00807721 0.0299323 0.0103767
46 0.028959 0.00798586 0.0290566 0.0102308
47 0.0280688 0.00788997 0.0281676 0.0100791
48 0.0271812 0.00778822 0.0272808 0.0099202
49 0.026315 0.00768233 0.0264151 0.00975622
50 0.0254805 0.00757428 0.0255807 0.00958984
51 0.0246829 0.00746574 0.0247829 0.00942343
53 0.023187 0.00724757 0.0232852 0.00909199
55 0.02177 0.00702112 0.021865 0.00875484
57 0.0203557 0.00677387 0.0204471 0.0083966
59 0.0189471 0.00650423 0.0190354 0.00801551
61 0.0176018 0.00622199 0.0176878 0.0076235
63 0.0163442 0.00593496 0.0164285 0.0072298
65 0.0151725 0.00564545 0.0152552 0.00683719
67 0.0140759 0.0053549 0.014157 0.00644727
69 0.0130535 0.00506836 0.0131331 0.00606627
71 0.0121188 0.00479396 0.0121971 0.00570394
73 0.0112692 0.00453487 0.011346 0.00536385
75 0.0104912 0.00429055 0.0105663 0.0050451
77 0.00979123 0.00406183 0.00986468 0.00474835
79 0.00916019 0.00384785 0.0092318 0.00447242
81 0.00859127 0.00364992 0.00866096 0.0042186
83 0.00808259 0.00346955 0.00815023 0.00398828
85 0.00762609 0.00330427 0.00769155 0.00377827
87 0.0072128 0.00315116 0.00727598 0.00358488
89 0.00683326 0.00300764 0.00689408 0.00340488
91 0.00648494 0.0028729 0.0065434 0.00323718
93 0.00616856 0.00274653 0.00622468 0.003081
95 0.00588204 0.00262787 0.00593582 0.00293535
97 0.00562038 0.00251609 0.00567183 0.00279905
99 0.00537807 0.0024111 0.00542721 0.00267178
101 0.00515319 0.00231355 0.00520008 0.00255406
106 0.0046696 0.0021009 0.00471126 0.00229914
111 0.004268 0.00191975 0.00430499 0.00208453
116 0.00392381 0.0017648 0.00395666 0.00190277
121 0.00363421 0.00163323 0.00366331 0.0017495
126 0.00338066 0.00152049 0.00340641 0.00161883
131 0.00315633 0.00142626 0.00317902 0.0015096
136 0.00296275 0.0013494 0.00298273 0.00141994
141 0.00279978 0.00128487 0.00281738 0.00134481
146 0.00265998 0.00122967 0.00267554 0.00128099
151 0.00253903 0.00118366 0.00255283 0.00122798
156 0.0024326 0.0011462 0.00244476 0.00118473
