116 1.89998e-11 2.1415e-10 8.09215e-12 2.1415e-10
121 1.79073e-10 1.97809e-09 1.68165e-10 1.97809e-09
126 6.92072e-10 7.56611e-09 6.81164e-10 7.56611e-09
131 1.87053e-09 2.03186e-08 1.85962e-09 2.03186e-08
136 4.06817e-09 4.39313e-08 4.05726e-09 4.39313e-08
141 7.54342e-09 8.09839e-08 7.53251e-09 8.09839e-08
146 1.24197e-08 1.32558e-07 1.24088e-08 1.32558e-07
151 1.86277e-08 1.97785e-07 1.86168e-08 1.97785e-07
156 2.61565e-08 2.76511e-07 2.61456e-08 2.76511e-07
161 3.48874e-08 3.67681e-07 3.48765e-08 3.67681e-07
166 4.48334e-08 4.71662e-07 4.48224e-08 4.71662e-07
171 5.60606e-08 5.8913e-07 5.60496e-08 5.8913e-07
176 6.87354e-08 7.21358e-07 6.87245e-08 7.21358e-07
181 8.31398e-08 8.70362e-07 8.31288e-08 8.70362e-07
186 9.952e-08 1.03758e-06 9.95091e-08 1.03758e-06
191 1.18144e-07 1.22478e-06 1.18133e-07 1.22478e-06
196 1.39145e-07 1.43321e-06 1.39134e-07 1.43321e-06
201 1.62466e-07 1.66261e-06 1.62455e-07 1.66261e-06
206 1.88036e-07 1.91314e-06 1.88025e-07 1.91314e-06
211 2.15744e-07 2.18437e-06 2.15733e-07 2.18437e-06
216 2.45466e-07 2.47536e-06 2.45455e-07 2.47536e-06
221 2.77173e-07 2.78571e-06 2.77162e-07 2.78571e-06
226 3.11027e-07 3.11626e-06 3.11016e-07 3.11626e-06
231 3.47039e-07 3.46663e-06 3.47028e-07 3.46663e-06
236 3.85322e-07 3.8373e-06 3.85311e-07 3.8373e-06
241 4.26126e-07 4.22986e-06 4.26115e-07 4.22986e-06
246 4.69422e-07 4.64367e-06 4.69411e-07 4.64367e-06
251 5.15383e-07 5.07974e-06 5.15372e-07 5.07974e-06
256 5.6416e-07 5.53934e-06 5.64149e-07 5.53934e-06
261 6.17949e-07 6.0248e-06 6.18008e-07 6.02488e-06
266 6.87059e-07 6.54939e-06 6.87509e-07 6.54997e-06
271 7.6455e-07 7.10424e-06 7.65601e-07 7.10602e-06
276 8.44759e-07 7.68954e-06 8.46323e-07 7.69361e-06
281 9.26339e-07 8.33549e-06 9.28265e-07 8.344e-06
286 1.00504e-06 9.03073e-06 1.00731e-06 9.04528e-06
291 1.08669e-06 9.75957e-06 1.08944e-06 9.7813e-06
296 1.1813e-06 1.05727e-05 1.18464e-06 1.06067e-05
301 1.29754e-06 1.14799e-05 1.30173e-06 1.15313e-05
306 1.43003e-06 1.24772e-05 1.43518e-06 1.25501e-05
311 1.56286e-06 1.35809e-05 1.56897e-06 1.36833e-05
316 1.69612e-06 1.47725e-05 1.70341e-06 1.49094e-05
321 1.84499e-06 1.61116e-05 1.85365e-06 1.62905e-05
326 1.99957e-06 1.76565e-05 2.01009e-06 1.78939e-05
331 2.15837e-06 1.92995e-05 2.17105e-06 1.96043e-05
336 2.33827e-06 2.10353e-05 2.35244e-06 2.14161e-05
341 2.54005e-06 2.31136e-05 2.55531e-06 2.35935e-05
346 2.76291e-06 2.54694e-05 2.78068e-06 2.60694e-05
351 3.03729e-06 2.80369e-05 3.05784e-06 2.87728e-05
356 3.36399e-06 3.12864e-05 3.38669e-06 3.21973e-05
361 3.69991e-06 3.51077e-05 3.72585e-06 3.62347e-05
366 4.07549e-06 3.96092e-05 4.10369e-06 4.099e-05
371 4.55245e-06 4.49205e-05 4.58052e-06 4.65998e-05
376 5.13002e-06 5.06846e-05 5.15594e-06 5.27076e-05
381 5.7581e-06 5.6818e-05 5.78237e-06 5.92231e-05
386 6.42777e-06 6.3749e-05 6.45137e-06 6.65918e-05
391 7.20094e-06 7.1905e-05 7.22484e-06 7.52611e-05
396 8.08224e-06 8.05925e-05 8.10476e-06 8.45078e-05
401 8.9922e-06 8.97604e-05 9.01156e-06 9.42719e-05
406 1.00228e-05 9.97278e-05 1.0037e-05 0.000104904
411 1.12311e-05 0.000110761 1.12406e-05 0.000116686
416 1.24919e-05 0.000123058 1.24997e-05 0.000129815
421 1.38174e-05 0.000137672 1.38215e-05 0.000145371
426 1.54425e-05 0.000154773 1.54379e-05 0.00016355
431 1.73275e-05 0.000172854 1.73144e-05 0.000182791
436 1.93608e-05 0.000192268 1.93374e-05 0.000203448
441 2.15551e-05 0.000213213 2.15179e-05 0.000225729
446 2.39169e-05 0.000235846 2.38636e-05 0.000249801
451 2.65785e-05 0.000260618 2.65049e-05 0.000276142
456 2.96441e-05 0.000287841 2.95477e-05 0.000305073
461 3.28884e-05 0.000317312 3.2768e-05 0.000336371
466 3.62954e-05 0.000348415 3.61485e-05 0.000369418
471 4.00215e-05 0.00038154 3.98445e-05 0.000404603
476 4.39019e-05 0.000417 4.36923e-05 0.000442245
481 4.80435e-05 0.000454391 4.7797e-05 0.000481931
486 5.25115e-05 0.000493635 5.22269e-05 0.000523608
491 5.73706e-05 0.000534126 5.70463e-05 0.000566641
496 6.26243e-05 0.000575609 6.22562e-05 0.00061076
501 6.81584e-05 0.000619926 6.77418e-05 0.000657835
506 7.38576e-05 0.000666484 7.33897e-05 0.00070726
511 7.96978e-05 0.000712858 7.91763e-05 0.000756566
516 8.55746e-05 0.000758395 8.50019e-05 0.00080509
521 9.14957e-05 0.000806049 9.08737e-05 0.000855812
526 9.76499e-05 0.000857024 9.69728e-05 0.000909975
531 0.000104494 0.000909044 0.000103748 0.000965294
536 0.000111889 0.000962259 0.000111069 0.00102191
541 0.000119186 0.00101634 0.000118294 0.00107946
546 0.000126332 0.00107083 0.000125372 0.0011375
551 0.000133836 0.00112693 0.000132803 0.00119714
556 0.000141473 0.00118183 0.000140373 0.00125556
561 0.000148816 0.00123229 0.000147653 0.00130946
566 0.000155928 0.0012815 0.000154702 0.00136211
571 0.000163013 0.00133227 0.000161722 0.00141639
576 0.000170261 0.00138318 0.000168897 0.00147086
581 0.000177788 0.00143197 0.000176346 0.00152318
586 0.000185549 0.00148259 0.00018403 0.00157741
591 0.000192814 0.00153322 0.000191217 0.00163167
596 0.000199498 0.00157853 0.000197829 0.00168046
601 0.000206285 0.00162096 0.000204549 0.00172632
606 0.000212888 0.00166209 0.000211099 0.00177084
611 0.000219304 0.00170292 0.000217466 0.00181504
616 0.000225891 0.00174514 0.000223994 0.00186068
621 0.000232778 0.00178964 0.000230816 0.00190866
626 0.000239541 0.00183292 0.000237524 0.00195543
631 0.000245134 0.00186599 0.000243076 0.00199181
636 0.000250378 0.00189358 0.000248276 0.0020226
641 0.000255939 0.00192214 0.000253785 0.00205435
646 0.000261234 0.00194836 0.000259041 0.00208367
651 0.000266839 0.00197357 0.000264613 0.00211197
656 0.000272355 0.00199862 0.000270105 0.00214016
661 0.000277232 0.00202289 0.000274963 0.00216752
666 0.000281496 0.00204377 0.000279217 0.00219136
671 0.000286044 0.00206236 0.000283749 0.00221285
676 0.0002907 0.00208102 0.000288397 0.00223447
681 0.000295049 0.00210034 0.000292756 0.00225672
686 0.000299167 0.00211928 0.000296897 0.00227848
691 0.000302463 0.00213372 0.000300217 0.00229559
696 0.000305456 0.00214586 0.00030323 0.00231029
701 0.000308061 0.00215589 0.000305864 0.00232277
706 0.000310146 0.00216346 0.000307986 0.00233264
711 0.000312189 0.00216864 0.000310078 0.00233988
716 0.000314214 0.00217299 0.000312157 0.002346
721 0.000316396 0.0021781 0.000314374 0.00235268
726 0.000318622 0.00218346 0.000316625 0.00235938
731 0.000320928 0.00218729 0.000318963 0.00236437
736 0.000323128 0.00218948 0.000321215 0.00236746
741 0.000324473 0.00218955 0.000322624 0.00236816
746 0.000325463 0.00218953 0.000323665 0.00236858
751 0.000326137 0.00218816 0.000324383 0.00236735
756 0.000326606 0.00218459 0.000324894 0.00236357
761 0.000327028 0.00218043 0.000325356 0.0023589
766 0.000326984 0.00217423 0.000325354 0.0023519
771 0.000326532 0.00216487 0.000324936 0.00234143
776 0.000325964 0.00215513 0.000324412 0.00233029
781 0.00032561 0.00214711 0.000324113 0.0023207
786 0.000325551 0.00214063 0.000324104 0.00231256
791 0.00032508 0.00213195 0.000323668 0.002302
796 0.000323958 0.00211922 0.000322575 0.0022871
801 0.000323124 0.0021064 0.000321788 0.00227192
806 0.000322471 0.00209364 0.000321191 0.00225668
811 0.000321602 0.0020797 0.000320357 0.00224014
816 0.000320417 0.00206635 0.0003192 0.00222414
821 0.000319007 0.002053 0.000317825 0.002208
826 0.000317043 0.00203642 0.000315906 0.0021884
831 0.000314175 0.00201556 0.000313093 0.00216432
836 0.000310884 0.00199304 0.000309852 0.00213846
841 0.000308174 0.00197297 0.000307186 0.00211506
846 0.000305761 0.00195529 0.000304827 0.00209406
851 0.000303415 0.00193586 0.000302527 0.00207124
856 0.000301059 0.00191464 0.000300201 0.00204654
861 0.00029831 0.00189126 0.000297487 0.00201951
866 0.00029526 0.00186501 0.000294473 0.00198942
871 0.000291976 0.00183745 0.000291225 0.0019579
876 0.000288386 0.00181102 0.000287672 0.00192753
881 0.000284218 0.00178346 0.000283534 0.00189601
886 0.000279702 0.00175338 0.000279049 0.00186186
891 0.000275359 0.00172334 0.000274775 0.00182768
896 0.000271237 0.00169459 0.000270741 0.00179462
901 0.000267477 0.00166552 0.000267132 0.00176098
906 0.000264229 0.00163739 0.000264062 0.00172803
911 0.000260696 0.00161177 0.000260747 0.00169748
916 0.000256554 0.00158652 0.000256833 0.00166726
921 0.000252277 0.00155845 0.000252778 0.00163432
926 0.000248167 0.00152922 0.000248888 0.0016006
931 0.000243912 0.00150071 0.00024471 0.00156818
936 0.000239591 0.00147308 0.000240395 0.00153717
941 0.000235202 0.00144462 0.000236008 0.00150557
946 0.000230892 0.0014147 0.000231694 0.0014726
951 0.000227045 0.00138493 0.000227837 0.00143981
956 0.000223419 0.00135752 0.0002242 0.00140947
961 0.000219532 0.00133077 0.000220302 0.0013799
966 0.000215549 0.00130316 0.000216309 0.00134957
971 0.000211673 0.00127578 0.00021241 0.00131955
976 0.000207959 0.00124903 0.000208669 0.00129027
981 0.000203981 0.00122197 0.000204671 0.00126078
986 0.00019977 0.00119505 0.000200449 0.00123152
991 0.000195722 0.00116811 0.000196397 0.00120231
996 0.000191922 0.00114248 0.000192591 0.00117447
