83 8.64578e-10 7.06959e-09 2.09645e-10 7.06959e-09
85 1.79536e-09 1.4618e-08 1.14043e-09 1.4618e-08
87 3.24578e-09 2.62989e-08 2.59085e-09 2.62989e-08
89 5.36265e-09 4.32479e-08 4.70771e-09 4.32479e-08
91 8.32591e-09 6.68572e-08 7.67098e-09 6.68572e-08
93 1.22483e-08 9.80529e-08 1.15934e-08 9.80529e-08
95 1.72964e-08 1.38121e-07 1.66414e-08 1.38121e-07
97 2.35771e-08 1.87842e-07 2.29221e-08 1.87842e-07
99 3.11348e-08 2.47533e-07 3.04799e-08 2.47533e-07
101 3.99748e-08 3.17207e-07 3.93199e-08 3.17207e-07
106 6.73345e-08 5.31945e-07 6.66796e-08 5.31945e-07
111 1.01246e-07 7.96837e-07 1.00591e-07 7.96837e-07
116 1.40848e-07 1.105e-06 1.40193e-07 1.105e-06
121 1.86205e-07 1.45657e-06 1.8555e-07 1.45657e-06
126 2.37863e-07 1.85483e-06 2.37208e-07 1.85483e-06
131 2.96467e-07 2.30452e-06 2.95812e-07 2.30452e-06
136 3.62664e-07 2.80972e-06 3.62009e-07 2.80972e-06
141 4.3715e-07 3.37488e-06 4.36495e-07 3.37488e-06
146 5.20771e-07 4.00517e-06 5.20117e-07 4.00517e-06
151 6.14648e-07 4.70669e-06 6.13993e-07 4.70669e-06
156 7.19807e-07 5.48499e-06 7.19152e-07 5.48499e-06
161 8.36651e-07 6.34066e-06 8.35997e-07 6.34066e-06
166 9.65901e-07 7.27664e-06 9.65246e-07 7.27664e-06
171 1.10794e-06 8.29606e-06 1.1073e-06 8.29616e-06
176 1.27226e-06 9.46087e-06 1.27221e-06 9.46471e-06
181 1.47959e-06 1.07978e-05 1.48173e-06 1.08127e-05
186 1.72752e-06 1.22796e-05 1.73205e-06 1.23109e-05
191 1.98983e-06 1.40135e-05 1.99644e-06 1.40745e-05
196 2.30045e-06 1.61313e-05 2.30958e-06 1.6243e-05
201 2.65148e-06 1.87578e-05 2.66299e-06 1.89508e-05
206 3.03598e-06 2.1732e-05 3.04901e-06 2.20358e-05
211 3.49096e-06 2.51746e-05 3.50601e-06 2.56369e-05
216 4.04933e-06 2.9261e-05 4.06812e-06 2.9926e-05
221 4.65317e-06 3.40718e-05 4.67426e-06 3.50058e-05
226 5.31768e-06 3.92659e-05 5.33967e-06 4.05296e-05
231 6.2275e-06 4.5681e-05 6.24694e-06 4.73825e-05
236 7.29504e-06 5.43104e-05 7.31381e-06 5.66195e-05
241 8.51064e-06 6.54958e-05 8.52802e-06 6.86214e-05
246 1.01528e-05 7.85658e-05 1.01616e-05 8.26769e-05
251 1.22543e-05 9.39645e-05 1.22445e-05 9.92604e-05
256 1.47421e-05 0.000112248 1.4714e-05 0.000119031
261 1.76984e-05 0.000133274 1.76474e-05 0.000141799
266 2.13579e-05 0.000160899 2.12704e-05 0.000171658
271 2.55818e-05 0.000193849 2.5453e-05 0.00020729
276 3.04336e-05 0.00023066 3.02525e-05 0.000247173
281 3.61348e-05 0.000271614 3.58977e-05 0.000291595
286 4.29004e-05 0.000317298 4.25883e-05 0.000341223
291 5.09333e-05 0.00037189 5.0528e-05 0.000400497
296 6.02978e-05 0.000435874 5.97896e-05 0.000469875
301 7.1407e-05 0.000510764 7.07684e-05 0.000550953
306 8.46448e-05 0.000599 8.38432e-05 0.000646293
311 0.000100364 0.000698217 9.93551e-05 0.000753451
316 0.000117704 0.000805783 0.000116468 0.000869783
321 0.000136553 0.000921267 0.00013508 0.000994782
326 0.000158534 0.00104836 0.000156774 0.00113238
331 0.000182586 0.00118409 0.000180515 0.00127945
336 0.000208381 0.00132881 0.00020597 0.00143632
341 0.000236681 0.00148584 0.000233882 0.00160647
346 0.000266299 0.00165471 0.0002631 0.00178941
351 0.000298271 0.00182646 0.000294649 0.00197574
356 0.000334519 0.00200401 0.000330404 0.00216851
361 0.000372295 0.0021885 0.000367665 0.00236881
366 0.000410383 0.00237928 0.000405211 0.00257582
371 0.000449992 0.00257746 0.000444248 0.00279091
376 0.000492297 0.00277947 0.000485973 0.00301027
381 0.000537516 0.00298325 0.000530571 0.00323154
386 0.000583068 0.00318608 0.000575497 0.003452
391 0.000626862 0.00337703 0.00061869 0.00366034
396 0.000670687 0.00355599 0.000661891 0.00385623
401 0.000714025 0.00372899 0.000704623 0.00404579
406 0.000755711 0.00388378 0.000745766 0.00421636
411 0.000799098 0.00403144 0.000788584 0.0043793
416 0.000842046 0.00417672 0.000830959 0.00453959
421 0.000881131 0.00430894 0.000869541 0.00468634
426 0.000918884 0.00443356 0.000906808 0.00482499
431 0.000955788 0.00455274 0.000943248 0.00495743
436 0.000992528 0.0046646 0.000979576 0.00508177
441 0.00102818 0.004768 0.00101487 0.0051971
446 0.00106185 0.00486685 0.00104825 0.00530754
451 0.0010911 0.0049502 0.00107727 0.00540173
456 0.00111774 0.00501839 0.00110374 0.00547984
461 0.00114725 0.0050853 0.00113308 0.00555632
466 0.00117416 0.00514724 0.00115994 0.00562744
471 0.00119744 0.00519289 0.00118325 0.00568126
476 0.00121987 0.00522823 0.00120576 0.00572406
481 0.0012367 0.00524409 0.00122278 0.00574629
486 0.00124867 0.00523561 0.00123499 0.00574272
491 0.00126029 0.00521813 0.00124688 0.00572908
496 0.0012683 0.00520124 0.00125529 0.00571529
501 0.00127077 0.00517476 0.00125824 0.00569058
506 0.00126832 0.00512998 0.00125635 0.00564565
511 0.00126243 0.00506295 0.00125102 0.00557621
516 0.00125397 0.00498614 0.00124316 0.00549487
521 0.00124532 0.00491045 0.00123513 0.0054125
526 0.00123464 0.00482063 0.00122502 0.00531336
531 0.00121565 0.0047016 0.00120659 0.0051821
536 0.00119081 0.00455885 0.00118234 0.00502447
541 0.00116578 0.00441249 0.00115788 0.00486146
546 0.00114073 0.00427681 0.00113339 0.00470801
551 0.00111231 0.00413587 0.00110552 0.00454801
556 0.00107978 0.00397961 0.00107351 0.00437127
561 0.00104365 0.00381294 0.00103787 0.00418299
566 0.00100662 0.00363732 0.00100129 0.00398486
571 0.000968777 0.00345443 0.00096385 0.00377887
576 0.000930576 0.00326923 0.000926042 0.00357031
581 0.000891029 0.00309312 0.000886893 0.00337134
586 0.000848895 0.00292476 0.000845122 0.003181
591 0.000808403 0.00276304 0.000804946 0.00299809
596 0.000769804 0.00260842 0.000766679 0.00282289
601 0.000732203 0.00245751 0.000729392 0.00265211
606 0.000696344 0.00231065 0.000693779 0.00248642
611 0.000660108 0.00216718 0.000657753 0.0023251
616 0.00062518 0.00203002 0.000623 0.00217117
621 0.000594518 0.00190644 0.000592535 0.00203224
626 0.000564374 0.00178773 0.000562591 0.00189931
631 0.000534059 0.00167101 0.000532422 0.00176945
636 0.000506249 0.00156479 0.000504761 0.0016513
641 0.000480368 0.0014671 0.000479022 0.00154279
646 0.000454158 0.00137218 0.000452914 0.00143779
651 0.00042974 0.00128538 0.000428608 0.00134176
656 0.000407971 0.00120882 0.000406932 0.00125731
661 0.000386816 0.00113556 0.00038581 0.00117701
666 0.00036555 0.00106374 0.00036463 0.00109852
671 0.000345403 0.000998143 0.000344629 0.00102692
676 0.000328513 0.000938468 0.000327812 0.000962043
681 0.000313563 0.000884952 0.000312902 0.000904095
686 0.000299073 0.00083745 0.000298489 0.000852798
691 0.000285851 0.000794155 0.000285353 0.000806084
696 0.000274462 0.00075405 0.000274036 0.000762919
701 0.000264199 0.000718868 0.000263824 0.000725186
706 0.000254874 0.000688673 0.000254535 0.000693107
711 0.000246407 0.00066221 0.00024609 0.000665262
716 0.000239203 0.000638317 0.0002389 0.000640074
721 0.000233333 0.000616045 0.000233056 0.000616713
726 0.000228384 0.000596152 0.000228163 0.00059614
731 0.000224208 0.000578692 0.000224041 0.000578161
736 0.000220192 0.000563591 0.00022002 0.000562558
741 0.000216144 0.000551154 0.000215933 0.000549768
746 0.000212611 0.000540224 0.000212407 0.000538623
751 0.000209778 0.000529993 0.000209631 0.000528184
756 0.000207612 0.000520345 0.000207505 0.000518421
761 0.000205855 0.000511874 0.000205751 0.000510045
766 0.000204331 0.00050427 0.000204219 0.000502605
771 0.00020315 0.000497218 0.000203043 0.000495652
776 0.000202506 0.000490955 0.000202426 0.000489507
781 0.000202037 0.000485289 0.000201982 0.000484003
786 0.000201708 0.000480167 0.000201658 0.000479014
791 0.000201726 0.000475944 0.000201686 0.000474947
796 0.000201824 0.000472276 0.000201813 0.000471466
801 0.000201397 0.00046794 0.000201433 0.00046729
806 0.000201304 0.000463925 0.000201356 0.000463418
811 0.000201608 0.000460475 0.000201664 0.000460094
816 0.000202245 0.000457483 0.000202305 0.000457217
821 0.000203131 0.000455013 0.000203188 0.000454845
826 0.000204157 0.000452956 0.000204209 0.000452853
831 0.000205327 0.000451066 0.000205375 0.000451007
836 0.000206622 0.000449259 0.000206674 0.000449236
841 0.000208074 0.000447503 0.000208134 0.000447511
846 0.000209652 0.000445803 0.000209722 0.000445833
851 0.000211327 0.000444132 0.000211399 0.000444176
856 0.000213098 0.000442489 0.000213167 0.000442542
861 0.000214971 0.00044084 0.000215035 0.000440897
866 0.000216886 0.000439182 0.000216946 0.000439243
871 0.000218843 0.000437698 0.000218908 0.000437763
876 0.000220856 0.000436274 0.000220926 0.000436338
881 0.000222914 0.000434838 0.000222988 0.000434896
886 0.00022505 0.000433414 0.000225129 0.000433463
891 0.000227269 0.000432082 0.000227353 0.000432124
896 0.000229534 0.000430732 0.000229626 0.000430766
901 0.000231894 0.000429529 0.000231986 0.00042956
906 0.000234369 0.000428457 0.000234454 0.000428487
911 0.000236933 0.000427443 0.000237022 0.000427473
916 0.000239555 0.000426459 0.000239646 0.000426486
921 0.0002423 0.000425647 0.000242388 0.000425673
926 0.000245143 0.000424921 0.000245217 0.000424946
931 0.000248037 0.000424214 0.000248088 0.000424235
936 0.000250912 0.000423457 0.000250954 0.000423474
941 0.000253381 0.00042204 0.000253414 0.000422051
946 0.000254857 0.000419061 0.000254884 0.000419067
951 0.000254608 0.000413512 0.000254629 0.000413516
956 0.000251462 0.000403587 0.000251479 0.000403589
961 0.000244593 0.00038821 0.000244605 0.000388211
966 0.000233332 0.000366476 0.000233339 0.000366477
971 0.000217434 0.000338115 0.000217437 0.000338115
976 0.000197154 0.000303631 0.000197156 0.000303631
981 0.000173352 0.000264439 0.000173353 0.000264439
986 0.000147296 0.000222552 0.000147296 0.000222552
