10 5.78743e-06 2.53493e-06 5.61416e-06 3.00871e-06
11 0.000131423 4.78665e-05 0.000128013 5.70343e-05
12 0.000773366 0.000205208 0.000759689 0.000244985
13 0.00302384 0.00062953 0.00298577 0.000751168
14 0.00856656 0.00151949 0.00848212 0.00181345
15 0.0193885 0.00298745 0.0192384 0.00356763
16 0.0361477 0.00490371 0.0359318 0.00586272
17 0.0559533 0.00685279 0.0556971 0.00821324
18 0.0723718 0.00833651 0.0721139 0.0100423
19 0.0791038 0.00908416 0.0788726 0.011045
20 0.0746011 0.00920643 0.0744034 0.0113583
21 0.0630105 0.00907131 0.0628373 0.0114068
22 0.0505614 0.00901822 0.0504007 0.0115663
23 0.0413423 0.00915253 0.0411874 0.01193
24 0.0360799 0.00937967 0.0359295 0.012357
25 0.0336986 0.00952611 0.0335575 0.0126252
26 0.0328585 0.00949437 0.0327347 0.0126186
27 0.0326777 0.00929599 0.0325781 0.012369
28 0.0327096 0.00900991 0.0326373 0.0119932
29 0.0328531 0.00872707 0.0328066 0.0116178
30 0.0330535 0.00849715 0.0330292 0.0113106
31 0.033231 0.00831917 0.0332256 0.0110705
32 0.0333131 0.00816785 0.0333246 0.0108637
33 0.0332489 0.00801919 0.0332766 0.010658
34 0.0329961 0.00785963 0.0330396 0.0104348
35 0.0325175 0.00768391 0.0325762 0.0101867
36 0.0317962 0.00749095 0.0318692 0.00991291
37 0.030862 0.00728462 0.0309479 0.00961942
38 0.02979 0.00707205 0.0298873 0.00931635
39 0.0286756 0.00686358 0.0287826 0.00901739
40 0.0275944 0.00666899 0.0277093 0.00873518
41 0.0265788 0.00649429 0.0266998 0.00847766
42 0.0256264 0.00634089 0.0257517 0.00824719
43 0.024715 0.00620559 0.0248432 0.00804038
44 0.0238174 0.00608241 0.0239473 0.00784998
45 0.0229155 0.00596554 0.0230463 0.00766862
46 0.0220029 0.00585003 0.0221341 0.00748986
47 0.0210866 0.00573348 0.0212177 0.00731046
48 0.0201825 0.00561597 0.0203132 0.0071305
49 0.019309 0.00549885 0.0194389 0.00695179
50 0.0184804 0.00538372 0.0186093 0.00677658
51 0.0177049 0.00527132 0.0178323 0.00660607
53 0.0163062 0.00505216 0.0164292 0.00627699
55 0.0150439 0.00483137 0.0151612 0.00595301
57 0.0138249 0.00459862 0.0139361 0.00562085
59 0.0126348 0.00435421 0.0127402 0.00528047
61 0.0115163 0.00410629 0.0116166 0.00494145
63 0.0104941 0.00386045 0.0105895 0.00461003
65 0.00956442 0.00361741 0.00965524 0.0042867
67 0.00871615 0.00337971 0.00880264 0.00397405
69 0.00794251 0.0031518 0.008025 0.00367722
71 0.0072478 0.00293789 0.00732662 0.00340115
73 0.00662875 0.00273881 0.00670392 0.00314648
75 0.00607928 0.00255335 0.00615093 0.00291135
77 0.00559894 0.00238053 0.00566719 0.00269424
79 0.00517139 0.0022189 0.00523622 0.00249316
81 0.00478981 0.0020695 0.00485122 0.002309
83 0.00445414 0.00193391 0.00451211 0.00214314
85 0.00416035 0.0018105 0.00421494 0.00199332
87 0.00390296 0.00169763 0.00395421 0.00185728
89 0.0036762 0.0015944 0.00372421 0.00173374
91 0.00347629 0.00150095 0.00352117 0.00162265
93 0.00329991 0.00141701 0.00334184 0.00152345
95 0.00314393 0.00134135 0.00318309 0.00143453
97 0.00300518 0.00127263 0.00304172 0.00135422
99 0.00287991 0.00121 0.00291397 0.00128147
101 0.00276508 0.00115299 0.00279679 0.00121563
106 0.00251081 0.00103122 0.00253726 0.00107642
111 0.0022993 0.00092894 0.00232127 0.000961428
116 0.00211562 0.00083734 0.00213372 0.000860479
121 0.0019573 0.000755921 0.00197219 0.000772335
126 0.00180199 0.000680712 0.00181411 0.000692221
131 0.00164194 0.000607309 0.00165169 0.000615301
136 0.00146314 0.000530409 0.00147053 0.000535792
141 0.00127319 0.000453605 0.00127848 0.000457144
