49 6.7624e-09 2.10838e-08 6.7515e-09 2.10838e-08
50 2.74082e-08 8.42471e-08 2.73973e-08 8.42471e-08
51 5.4672e-08 1.693e-07 5.46611e-08 1.693e-07
53 1.31436e-07 4.20171e-07 1.31425e-07 4.20171e-07
55 2.39739e-07 7.84903e-07 2.39728e-07 7.84903e-07
57 3.85395e-07 1.28654e-06 3.85334e-07 1.2874e-06
59 5.95018e-07 2.08603e-06 5.9412e-07 2.10178e-06
61 9.39872e-07 3.77374e-06 9.34165e-07 3.88186e-06
63 1.54302e-06 7.30745e-06 1.52496e-06 7.69926e-06
65 2.45496e-06 1.28262e-05 2.42144e-06 1.37385e-05
67 3.68688e-06 2.00552e-05 3.64167e-06 2.17347e-05
69 5.13066e-06 2.79626e-05 5.07849e-06 3.0521e-05
71 6.79863e-06 3.67038e-05 6.74088e-06 4.02434e-05
73 8.57625e-06 4.56815e-05 8.51387e-06 5.02243e-05
75 1.04938e-05 5.51737e-05 1.04246e-05 6.07682e-05
77 1.25599e-05 6.554e-05 1.24818e-05 7.22856e-05
79 1.46705e-05 7.64601e-05 1.45836e-05 8.44432e-05
81 1.69461e-05 8.79386e-05 1.68491e-05 9.72571e-05
83 1.94519e-05 9.9753e-05 1.93398e-05 0.000110484
85 2.22592e-05 0.000112156 2.21243e-05 0.000124402
87 2.5348e-05 0.000125512 2.51852e-05 0.000139417
89 2.85522e-05 0.000139855 2.83609e-05 0.000155557
91 3.17495e-05 0.000155096 3.15302e-05 0.000172709
93 3.52796e-05 0.000171769 3.50265e-05 0.000191465
95 3.93933e-05 0.000190174 3.90932e-05 0.00021217
97 4.40819e-05 0.000210269 4.37243e-05 0.000234804
99 4.91235e-05 0.000231739 4.8703e-05 0.000259024
101 5.45514e-05 0.000254845 5.406e-05 0.000285096
106 7.02748e-05 0.000322534 6.95675e-05 0.000361381
111 8.82969e-05 0.000401445 8.73382e-05 0.00045043
116 0.000109936 0.000492453 0.000108646 0.000553349
121 0.000135884 0.000600287 0.000134207 0.000675099
126 0.00016725 0.000723783 0.000165103 0.000814565
131 0.000202422 0.000860698 0.000199704 0.000969326
136 0.000243089 0.00101578 0.000239718 0.00114466
141 0.000289009 0.00118941 0.000284916 0.00134076
146 0.000340722 0.00138905 0.000335784 0.00156576
151 0.000399838 0.00160832 0.000393953 0.00181271
156 0.000467554 0.0018519 0.000460649 0.00208646
161 0.000543513 0.00212252 0.000535476 0.00238988
166 0.000628381 0.00241709 0.000619061 0.00271955
171 0.000720664 0.00272832 0.000709957 0.00306769
176 0.000816149 0.00304967 0.000804068 0.00342746
181 0.00091413 0.00337848 0.000900627 0.00379559
186 0.00101557 0.00370623 0.00100055 0.00416292
191 0.00111877 0.00403978 0.00110227 0.00453618
196 0.0012199 0.00437942 0.00120192 0.00491571
201 0.00132349 0.00471508 0.00130402 0.0052908
206 0.0014328 0.00505311 0.00141179 0.00566787
211 0.00154718 0.00539618 0.00152453 0.00604962
216 0.00166032 0.00572764 0.00163606 0.00641826
221 0.00177352 0.00605364 0.00174767 0.00677988
226 0.0018837 0.00636791 0.00185634 0.0071283
231 0.00198647 0.00665279 0.00195764 0.0074446
236 0.00208404 0.00691485 0.00205371 0.00773546
241 0.00217385 0.00715341 0.00214228 0.00800024
246 0.00225604 0.00736052 0.00222342 0.00823044
251 0.00233409 0.00754261 0.0023004 0.00843265
256 0.00240168 0.00770733 0.00236701 0.00861513
261 0.00246903 0.00786633 0.00243349 0.00878995
266 0.00253498 0.0080204 0.00249872 0.00895833
271 0.0025957 0.00814862 0.00255867 0.00909839
276 0.00265731 0.00827522 0.0026195 0.00923531
281 0.00270881 0.00839187 0.00267041 0.0093605
286 0.00275166 0.00848796 0.00271281 0.00946284
291 0.00279795 0.0085823 0.00275864 0.00956196
296 0.00283951 0.00866293 0.00279992 0.00964564
301 0.00286893 0.00871461 0.00282945 0.00969784
306 0.00288925 0.00875049 0.00284991 0.00973233
311 0.00290722 0.00877243 0.00286792 0.00975139
316 0.0029216 0.00877871 0.00288246 0.00975332
321 0.0029287 0.00877942 0.00288986 0.00974837
326 0.00293118 0.00877676 0.00289279 0.00973915
331 0.00292465 0.00874678 0.00288688 0.0097009
336 0.00290634 0.00867696 0.00286931 0.00962037
341 0.00288839 0.00859166 0.00285201 0.00952278
346 0.00287281 0.00850984 0.0028371 0.00942848
351 0.00285112 0.00842517 0.00281634 0.00933154
356 0.00282282 0.00833592 0.00278907 0.00922979
361 0.00278515 0.00822246 0.00275257 0.00910216
366 0.00273905 0.00807487 0.00270774 0.00893857
371 0.0026948 0.00791826 0.00266473 0.00876569
376 0.00265131 0.00776267 0.00262246 0.0085942
381 0.0026015 0.00760114 0.00257384 0.00841651
386 0.00254326 0.0074287 0.00251684 0.00822743
391 0.00248446 0.00725327 0.0024594 0.00803522
396 0.00242431 0.00707433 0.00240068 0.00783944
401 0.00236135 0.0068793 0.00233906 0.00762674
406 0.00229771 0.00667993 0.00227664 0.00740923
411 0.00223238 0.006485 0.00221267 0.00719636
416 0.00216753 0.00629797 0.00214918 0.00699184
421 0.00210264 0.0061082 0.00208555 0.0067839
426 0.00203421 0.00590774 0.00201832 0.00656408
431 0.00196712 0.00570297 0.00195241 0.00633934
436 0.00190631 0.00550881 0.0018927 0.00612515
441 0.00184511 0.00532627 0.00183252 0.0059225
446 0.0017809 0.00514346 0.00176924 0.00571892
451 0.00171594 0.00494855 0.0017051 0.005502
456 0.00165139 0.00474554 0.00164129 0.00527599
461 0.00159004 0.00455495 0.0015807 0.00506268
466 0.00153309 0.00438554 0.0015245 0.00487164
471 0.00147618 0.00422266 0.0014683 0.00468702
476 0.00141949 0.00406179 0.00141224 0.00450391
481 0.00136455 0.00390541 0.00135788 0.0043253
486 0.00131117 0.0037531 0.001305 0.00415113
491 0.00125822 0.0036019 0.0012525 0.00397835
496 0.00120592 0.00345251 0.00120063 0.00380771
501 0.0011554 0.00331013 0.00115053 0.00364496
506 0.00110817 0.00317358 0.0011037 0.00348901
511 0.00106324 0.00303985 0.00105912 0.0033366
516 0.00101934 0.00290932 0.00101549 0.00318801
521 0.000977909 0.00278753 0.0009743 0.00304902
526 0.000939333 0.00267503 0.000936006 0.0029202
531 0.000901187 0.00256771 0.000898129 0.00279706
536 0.000863472 0.00246325 0.000860655 0.00267708
541 0.000828064 0.0023596 0.000825435 0.00255857
546 0.000795117 0.00225851 0.000792642 0.00244376
551 0.000763532 0.00216443 0.000761205 0.00233695
556 0.000732364 0.00207696 0.000730185 0.00223735
561 0.00070262 0.00199391 0.000700588 0.00214281
566 0.000676259 0.00191336 0.000674345 0.00205159
571 0.000651552 0.00183639 0.000649745 0.00196472
576 0.000627779 0.00176313 0.000626141 0.00188203
581 0.000605473 0.00169175 0.000603984 0.00180143
586 0.000584048 0.00162485 0.000582573 0.00172585
591 0.000563146 0.00156476 0.000561692 0.00165779
596 0.0005435 0.00150957 0.00054212 0.00159502
601 0.00052434 0.00145484 0.000523024 0.00153309
606 0.000504999 0.00139842 0.000503779 0.00147015
611 0.000485189 0.00134185 0.000484049 0.00140748
616 0.000465153 0.00128769 0.000464027 0.00134757
621 0.000446558 0.00123753 0.000445464 0.00129194
626 0.00043063 0.00119222 0.000429633 0.00124147
631 0.000415759 0.00114968 0.000414852 0.0011943
636 0.000401739 0.00110869 0.000400854 0.00114919
641 0.000388795 0.00107004 0.000387918 0.00110681
646 0.000376165 0.0010355 0.00037533 0.00106876
651 0.000363355 0.00100412 0.000362579 0.00103409
656 0.000350803 0.000971651 0.000350071 0.000998518
661 0.000338909 0.000937752 0.00033821 0.000961671
666 0.000327682 0.000905225 0.000327019 0.000926383
671 0.000317162 0.000874908 0.000316538 0.000893481
676 0.000308052 0.000848233 0.000307458 0.000864567
681 0.000299901 0.000824815 0.000299337 0.000839265
686 0.000291455 0.000803043 0.000290934 0.000815756
691 0.000283188 0.00078167 0.000282715 0.000792681
696 0.000275676 0.000759748 0.000275238 0.000769019
701 0.000268423 0.000739016 0.000267996 0.000746756
