35 1.29299e-09 4.88542e-09 1.23932e-09 5.52236e-09
36 1.7647e-08 6.50178e-08 1.70696e-08 7.35223e-08
37 9.10359e-08 3.2954e-07 8.81579e-08 3.7271e-07
38 3.14964e-07 1.12926e-06 3.05167e-07 1.27731e-06
39 8.62026e-07 3.07491e-06 8.35685e-07 3.47975e-06
40 1.92294e-06 6.83343e-06 1.86549e-06 7.73999e-06
41 3.70421e-06 1.31459e-05 3.59661e-06 1.49094e-05
42 6.31273e-06 2.24644e-05 6.13581e-06 2.55267e-05
43 9.63748e-06 3.45009e-05 9.37929e-06 3.93047e-05
44 1.35979e-05 4.90273e-05 1.32539e-05 5.60109e-05
45 1.80317e-05 6.54914e-05 1.76032e-05 7.50405e-05
46 2.27842e-05 8.33239e-05 2.22757e-05 9.57403e-05
47 2.77372e-05 0.000102109 2.7154e-05 0.000117611
48 3.26186e-05 0.000120918 3.19693e-05 0.000139564
49 3.75087e-05 0.00013997 3.67978e-05 0.000161809
50 4.21618e-05 0.000158459 4.13967e-05 0.00018341
51 4.67272e-05 0.000176667 4.59109e-05 0.000204662
53 5.60042e-05 0.000213023 5.50881e-05 0.000247034
55 6.67152e-05 0.00025189 6.56801e-05 0.000292192
57 7.91762e-05 0.000294517 7.7994e-05 0.000341583
59 9.25155e-05 0.000340286 9.11763e-05 0.000394581
61 0.000106204 0.00038831 0.000104708 0.00045014
63 0.000121021 0.000439218 0.00011935 0.000508893
65 0.000137819 0.000494225 0.000135938 0.000572264
67 0.000156114 0.000553421 0.000154 0.000640462
69 0.000175351 0.00061683 0.000172993 0.000713525
71 0.000195619 0.000683685 0.000192999 0.000790519
73 0.000217731 0.00075404 0.000214817 0.000871563
75 0.000241535 0.000827851 0.000238295 0.000956698
77 0.000265802 0.000904687 0.00026223 0.00104546
79 0.000290209 0.000984413 0.000286307 0.00113761
81 0.000316234 0.0010679 0.000311979 0.00123405
83 0.000344937 0.00115597 0.000340283 0.00133572
85 0.000375456 0.00124812 0.000370371 0.00144213
87 0.000406985 0.00134452 0.00040145 0.00155345
89 0.000439714 0.00144541 0.000433711 0.00166989
91 0.00047452 0.00155139 0.000468015 0.00179211
93 0.000511667 0.00166272 0.00050462 0.00192048
95 0.00055058 0.00177863 0.000542959 0.00205409
97 0.000590864 0.00189829 0.00058265 0.00219195
99 0.000632836 0.00202158 0.000624004 0.00233391
101 0.000677756 0.00215089 0.000668263 0.00248268
106 0.000801424 0.0025037 0.000790116 0.00288802
111 0.000939478 0.0028883 0.000926151 0.00332883
116 0.00110041 0.00330687 0.00108475 0.00380781
121 0.00127858 0.00375725 0.00126035 0.00432203
126 0.0014607 0.00423626 0.00143976 0.0048686
131 0.00164168 0.00471274 0.00161808 0.0054132
136 0.00183012 0.00518184 0.00180386 0.00595001
141 0.00202633 0.0056636 0.00199727 0.00649953
146 0.00223539 0.00616249 0.00220341 0.00706686
151 0.00244639 0.00665159 0.00241153 0.00762277
156 0.00265847 0.00714309 0.00262072 0.00817983
161 0.00286299 0.00760858 0.00282236 0.00870739
166 0.00306546 0.00804361 0.00302195 0.00919971
171 0.00326114 0.0084654 0.003215 0.00967526
176 0.00343823 0.00885992 0.00338972 0.0101193
181 0.00360735 0.00921984 0.00355646 0.0105228
186 0.00375572 0.00952547 0.00370262 0.0108658
191 0.00390776 0.00980827 0.00385267 0.011181
196 0.00406036 0.0100868 0.00400331 0.0114887
201 0.00419296 0.0103253 0.00413422 0.011751
206 0.00430754 0.0105305 0.00424745 0.0119745
211 0.0044067 0.0107188 0.00434549 0.0121767
216 0.00449692 0.0108919 0.0044348 0.0123602
221 0.00458655 0.0110413 0.00452361 0.0125156
226 0.00466767 0.0111691 0.004604 0.0126456
231 0.00472667 0.0112671 0.00466278 0.0127418
236 0.00476235 0.0113238 0.00469864 0.0127914
241 0.00479644 0.0113523 0.00473293 0.0128087
246 0.00482376 0.0113697 0.00476061 0.0128118
251 0.00483444 0.0113622 0.00477189 0.0127872
256 0.00483044 0.0113224 0.00476871 0.0127275
261 0.00481228 0.0112465 0.00475158 0.0126281
266 0.00477599 0.0111448 0.00471656 0.0125
271 0.00472438 0.0110307 0.00466648 0.0123576
276 0.0046612 0.0108927 0.00460502 0.0121895
281 0.00459995 0.0107234 0.00454556 0.0119882
286 0.00452938 0.0105294 0.00447684 0.0117606
291 0.00444185 0.0103201 0.00439132 0.0115167
296 0.00434437 0.0100972 0.00429595 0.0112583
301 0.00423913 0.00985558 0.00419284 0.0109811
306 0.00412656 0.00959316 0.0040824 0.0106828
311 0.00401326 0.00931492 0.0039713 0.0103682
316 0.00389991 0.00903844 0.00386023 0.0100559
321 0.00378272 0.00875941 0.00374534 0.0097415
326 0.00365387 0.00845766 0.00361883 0.00940416
331 0.00352324 0.00814347 0.00349045 0.00905477
336 0.00339542 0.00783352 0.00336482 0.00871014
341 0.00327245 0.00753894 0.00324397 0.0083824
346 0.00314839 0.00725549 0.00312196 0.00806839
351 0.00302209 0.00697051 0.00299758 0.0077542
356 0.00289534 0.00667627 0.00287266 0.00743048
361 0.00277128 0.00638384 0.00275037 0.00710867
366 0.00265111 0.00610624 0.00263193 0.0068025
371 0.00253453 0.00583914 0.0025171 0.00650772
376 0.00242041 0.00558015 0.00240466 0.00622171
381 0.00230944 0.0053346 0.00229515 0.00594985
386 0.00220545 0.0050998 0.00219252 0.00568958
391 0.00210791 0.00486516 0.00209619 0.00542948
396 0.0020162 0.00463732 0.00200554 0.00517573
401 0.00192383 0.00441994 0.00191429 0.00493232
406 0.00183084 0.00420711 0.00182237 0.00469345
411 0.001745 0.00400708 0.0017374 0.00446784
416 0.00166687 0.00382815 0.00165998 0.0042641
421 0.00158979 0.00365423 0.00158356 0.0040656
426 0.00151334 0.00347531 0.00150775 0.00386181
431 0.00144031 0.0033028 0.00143535 0.00366518
436 0.00136987 0.00314063 0.00136547 0.00348016
441 0.00130357 0.00298939 0.00129961 0.00330696
446 0.00124181 0.00285074 0.0012382 0.00314767
451 0.0011851 0.00272167 0.0011818 0.00299919
456 0.00113264 0.00259855 0.00112962 0.00285739
461 0.00108244 0.0024819 0.00107968 0.00272291
466 0.00103627 0.00237194 0.00103379 0.00259597
471 0.000992855 0.00226553 0.000990608 0.00247357
476 0.00094993 0.00216346 0.000947813 0.0023565
481 0.000907265 0.00206677 0.00090525 0.00224536
486 0.000867084 0.00197625 0.00086519 0.0021412
491 0.000829004 0.00189109 0.000827258 0.00204335
496 0.000792767 0.00180973 0.000791222 0.00195002
501 0.000758463 0.00173241 0.000757058 0.00186141
506 0.000725333 0.00166181 0.000723947 0.00178029
511 0.000694671 0.00159829 0.00069335 0.00170703
516 0.000667508 0.00153763 0.000666303 0.00163721
521 0.000641964 0.00147775 0.000640846 0.00156838
526 0.000618461 0.00141996 0.000617386 0.0015024
531 0.000596245 0.00136497 0.000595197 0.00144025
536 0.00057434 0.00131401 0.000573383 0.00138256
541 0.000553018 0.00126619 0.000552192 0.00132829
546 0.000531132 0.00121958 0.00053038 0.00127572
551 0.000510607 0.00117587 0.000509884 0.00122648
556 0.000492922 0.00113542 0.000492189 0.00118093
561 0.00047653 0.00109771 0.000475786 0.00113862
566 0.000459917 0.00106138 0.000459205 0.00109809
571 0.000443652 0.00102539 0.000442992 0.00105819
576 0.000429801 0.000992483 0.000429214 0.00102182
581 0.000418113 0.000963693 0.000417585 0.000989938
586 0.000405486 0.00093654 0.000404972 0.000959801
591 0.00039242 0.00091046 0.000391917 0.000931014
596 0.000381139 0.000886444 0.000380647 0.000904668
601 0.000371202 0.000864354 0.000370705 0.000880483
606 0.000361787 0.000843535 0.00036129 0.000857707
611 0.000352704 0.000823642 0.000352244 0.000835987
