10 6.8915e-07 4.91225e-07 6.60879e-07 5.7676e-07
11 4.87603e-05 2.43597e-05 4.72407e-05 2.87503e-05
12 0.000358325 0.000124819 0.000351065 0.000147763
13 0.00172257 0.000430672 0.00170046 0.000510793
14 0.00536234 0.00113188 0.00530948 0.00134389
15 0.0131491 0.00241365 0.0130475 0.00287109
16 0.0262216 0.00427299 0.0260628 0.00509376
17 0.0432243 0.00641064 0.0430185 0.00766525
18 0.0593376 0.0083036 0.0591101 0.00997485
19 0.0686352 0.00951395 0.0684111 0.0115113
20 0.0682217 0.00996325 0.068013 0.0121826
21 0.0602595 0.00994403 0.0600644 0.0123265
22 0.0498863 0.00986417 0.0496971 0.0124101
23 0.0414015 0.00995684 0.0412127 0.0126901
24 0.0363114 0.0102108 0.0361223 0.0131341
25 0.0340319 0.0104654 0.0338476 0.0135379
26 0.0334615 0.0105869 0.0332904 0.0137386
27 0.0336747 0.010542 0.0335245 0.0137044
28 0.034222 0.0103906 0.0340965 0.0135227
29 0.0349039 0.0102164 0.0348024 0.0133069
30 0.0356437 0.0100784 0.0355631 0.0131358
31 0.0363582 0.00998552 0.0362956 0.0130215
32 0.0369724 0.00991574 0.0369265 0.0129359
33 0.037435 0.00984341 0.0374056 0.0128454
34 0.0376965 0.00975206 0.0376839 0.0127282
35 0.0377054 0.0096346 0.0377096 0.0125742
36 0.0374234 0.00948919 0.0374441 0.0123808
37 0.0368641 0.00931946 0.0369001 0.0121528
38 0.0360931 0.00913268 0.0361428 0.0118999
39 0.0352072 0.00893943 0.0352687 0.0116355
40 0.0342856 0.00875082 0.034357 0.0113737
41 0.0333696 0.00857562 0.033449 0.011126
42 0.0324653 0.0084185 0.0325511 0.0108989
43 0.0315617 0.00827888 0.0316523 0.0106926
44 0.0306428 0.00815157 0.0307371 0.0105011
45 0.0296983 0.00802953 0.0297954 0.0103161
46 0.0287293 0.00790629 0.0288284 0.0101294
47 0.0277444 0.0077776 0.0278452 0.00993586
48 0.0267619 0.00764295 0.026864 0.00973479
49 0.0258005 0.00750414 0.0259036 0.00952862
50 0.0248708 0.0073632 0.0249745 0.00932009
51 0.0239787 0.00722187 0.0240826 0.00911168
53 0.0223048 0.00693966 0.0224074 0.00869845
55 0.020724 0.00665092 0.0208239 0.00828233
57 0.0191626 0.00634436 0.019259 0.00784952
59 0.0176227 0.00601992 0.0177162 0.00740013
61 0.0161627 0.00568831 0.0162539 0.00694718
63 0.0148094 0.00535693 0.0148985 0.00649954
65 0.0135595 0.00502732 0.0136465 0.00605908
67 0.0124024 0.00470195 0.0124873 0.00562864
69 0.0113327 0.00438642 0.0114154 0.00521488
71 0.0103598 0.00408821 0.0104404 0.00482665
73 0.00948392 0.00381014 0.00956238 0.004467
75 0.00869449 0.00355162 0.0087706 0.00413479
77 0.00799337 0.00331234 0.00806706 0.00382928
79 0.00736679 0.00309062 0.00743792 0.00354822
81 0.00680617 0.00288667 0.00687463 0.00329152
83 0.00630929 0.00270082 0.00637493 0.00305922
85 0.00586527 0.0025296 0.00592797 0.0028469
87 0.0054667 0.00237035 0.00552639 0.00265111
89 0.00510712 0.00222155 0.00516374 0.00246976
91 0.00478352 0.00208351 0.00483707 0.00230289
93 0.00449476 0.00195705 0.00454528 0.00215104
95 0.00423824 0.00184175 0.00428582 0.00201335
97 0.00401158 0.0017366 0.0040563 0.00188846
99 0.00380864 0.00164019 0.00385062 0.00177463
101 0.00362435 0.00155166 0.00366373 0.00167073
106 0.00323214 0.00136307 0.00326565 0.00145126
111 0.00291504 0.00121331 0.00294336 0.00127879
116 0.00265424 0.00109309 0.002678 0.00114171
121 0.00244425 0.000992416 0.00246405 0.00102827
126 0.00227742 0.000909739 0.00229393 0.000936044
131 0.00214305 0.00084141 0.00215682 0.000860584
136 0.00202605 0.000781039 0.00203749 0.000794835
141 0.00190595 0.000721936 0.00191524 0.000731818
146 0.00176434 0.000663308 0.00177176 0.000670312
151 0.00159953 0.000601334 0.00160538 0.000606384
156 0.00141376 0.000532826 0.00141817 0.000536662
161 0.00121425 0.000458911 0.00121744 0.00046185
